############### Browser Launch###########
############### Browser Maximised###########
The user has entered the URL
 attr name: data-v-app
 old value = null
 new value = 
 element = [[ChromeDriver: chrome on windows (3450207fc4278e5aa4ef0972313d3889)] -> css selector: *[data-__webdriver_id='zvr36sdg5pll0q9lw5']]


 attr name: class
 old value = oxd-input oxd-input--active
 new value = oxd-input oxd-input--focus
 element = [[ChromeDriver: chrome on windows (3450207fc4278e5aa4ef0972313d3889)] -> css selector: *[data-__webdriver_id='cs2f1e3jvrbll0q9lwv']]


###########################

 attr name: data-v-app
 old value = null
 new value = 
 element = [[ChromeDriver: chrome on windows (3450207fc4278e5aa4ef0972313d3889)] -> css selector: *[data-__webdriver_id='zvr36sdg5pll0q9lw5']]


 attr name: class
 old value = oxd-input oxd-input--active
 new value = oxd-input oxd-input--focus
 element = [[ChromeDriver: chrome on windows (3450207fc4278e5aa4ef0972313d3889)] -> css selector: *[data-__webdriver_id='cs2f1e3jvrbll0q9lwv']]


###########################

 attr name: data-v-app
 old value = null
 new value = 
 element = [[ChromeDriver: chrome on windows (3450207fc4278e5aa4ef0972313d3889)] -> css selector: *[data-__webdriver_id='zvr36sdg5pll0q9lw5']]


 attr name: class
 old value = oxd-input oxd-input--active
 new value = oxd-input oxd-input--focus
 element = [[ChromeDriver: chrome on windows (3450207fc4278e5aa4ef0972313d3889)] -> css selector: *[data-__webdriver_id='cs2f1e3jvrbll0q9lwv']]


###########################

 attr name: data-v-app
 old value = null
 new value = 
 element = [[ChromeDriver: chrome on windows (3450207fc4278e5aa4ef0972313d3889)] -> css selector: *[data-__webdriver_id='zvr36sdg5pll0q9lw5']]


 attr name: class
 old value = oxd-input oxd-input--active
 new value = oxd-input oxd-input--focus
 element = [[ChromeDriver: chrome on windows (3450207fc4278e5aa4ef0972313d3889)] -> css selector: *[data-__webdriver_id='cs2f1e3jvrbll0q9lwv']]


###########################

 attr name: data-v-app
 old value = null
 new value = 
 element = [[ChromeDriver: chrome on windows (3450207fc4278e5aa4ef0972313d3889)] -> css selector: *[data-__webdriver_id='zvr36sdg5pll0q9lw5']]


 attr name: class
 old value = oxd-input oxd-input--active
 new value = oxd-input oxd-input--focus
 element = [[ChromeDriver: chrome on windows (3450207fc4278e5aa4ef0972313d3889)] -> css selector: *[data-__webdriver_id='cs2f1e3jvrbll0q9lwv']]


###########################

 attr name: data-v-app
 old value = null
 new value = 
 element = [[ChromeDriver: chrome on windows (3450207fc4278e5aa4ef0972313d3889)] -> css selector: *[data-__webdriver_id='zvr36sdg5pll0q9lw5']]


 attr name: class
 old value = oxd-input oxd-input--active
 new value = oxd-input oxd-input--focus
 element = [[ChromeDriver: chrome on windows (3450207fc4278e5aa4ef0972313d3889)] -> css selector: *[data-__webdriver_id='cs2f1e3jvrbll0q9lwv']]


###########################

The user has entered the username Phillip Hodkiewicz II
 attr name: data-v-app
 old value = null
 new value = 
 element = [[ChromeDriver: chrome on windows (3450207fc4278e5aa4ef0972313d3889)] -> css selector: *[data-__webdriver_id='zvr36sdg5pll0q9lw5']]


 attr name: class
 old value = oxd-input oxd-input--active
 new value = oxd-input oxd-input--focus
 element = [[ChromeDriver: chrome on windows (3450207fc4278e5aa4ef0972313d3889)] -> css selector: *[data-__webdriver_id='cs2f1e3jvrbll0q9lwv']]


###########################

 attr name: data-v-app
 old value = null
 new value = 
 element = [[ChromeDriver: chrome on windows (3450207fc4278e5aa4ef0972313d3889)] -> css selector: *[data-__webdriver_id='zvr36sdg5pll0q9lw5']]


 attr name: class
 old value = oxd-input oxd-input--active
 new value = oxd-input oxd-input--focus
 element = [[ChromeDriver: chrome on windows (3450207fc4278e5aa4ef0972313d3889)] -> css selector: *[data-__webdriver_id='cs2f1e3jvrbll0q9lwv']]


###########################

 attr name: data-v-app
 old value = null
 new value = 
 element = [[ChromeDriver: chrome on windows (3450207fc4278e5aa4ef0972313d3889)] -> css selector: *[data-__webdriver_id='zvr36sdg5pll0q9lw5']]


 attr name: class
 old value = oxd-input oxd-input--active
 new value = oxd-input oxd-input--focus
 element = [[ChromeDriver: chrome on windows (3450207fc4278e5aa4ef0972313d3889)] -> css selector: *[data-__webdriver_id='cs2f1e3jvrbll0q9lwv']]


###########################

 attr name: data-v-app
 old value = null
 new value = 
 element = [[ChromeDriver: chrome on windows (3450207fc4278e5aa4ef0972313d3889)] -> css selector: *[data-__webdriver_id='zvr36sdg5pll0q9lw5']]


 attr name: class
 old value = oxd-input oxd-input--active
 new value = oxd-input oxd-input--focus
 element = [[ChromeDriver: chrome on windows (3450207fc4278e5aa4ef0972313d3889)] -> css selector: *[data-__webdriver_id='cs2f1e3jvrbll0q9lwv']]


###########################

 attr name: data-v-app
 old value = null
 new value = 
 element = [[ChromeDriver: chrome on windows (3450207fc4278e5aa4ef0972313d3889)] -> css selector: *[data-__webdriver_id='zvr36sdg5pll0q9lw5']]


 attr name: class
 old value = oxd-input oxd-input--active
 new value = oxd-input oxd-input--focus
 element = [[ChromeDriver: chrome on windows (3450207fc4278e5aa4ef0972313d3889)] -> css selector: *[data-__webdriver_id='cs2f1e3jvrbll0q9lwv']]


###########################

 attr name: data-v-app
 old value = null
 new value = 
 element = [[ChromeDriver: chrome on windows (3450207fc4278e5aa4ef0972313d3889)] -> css selector: *[data-__webdriver_id='zvr36sdg5pll0q9lw5']]


 attr name: class
 old value = oxd-input oxd-input--active
 new value = oxd-input oxd-input--focus
 element = [[ChromeDriver: chrome on windows (3450207fc4278e5aa4ef0972313d3889)] -> css selector: *[data-__webdriver_id='cs2f1e3jvrbll0q9lwv']]


 attr name: class
 old value = oxd-input oxd-input--active
 new value = oxd-input oxd-input--focus
 element = [[ChromeDriver: chrome on windows (3450207fc4278e5aa4ef0972313d3889)] -> css selector: *[data-__webdriver_id='oudt5urq85jll0q9mz9']]


 attr name: class
 old value = oxd-input oxd-input--focus
 new value = oxd-input oxd-input--active
 element = [[ChromeDriver: chrome on windows (3450207fc4278e5aa4ef0972313d3889)] -> css selector: *[data-__webdriver_id='cs2f1e3jvrbll0q9lwv']]


###########################

The user has entered the password
 attr name: data-v-app
 old value = null
 new value = 
 element = [[ChromeDriver: chrome on windows (3450207fc4278e5aa4ef0972313d3889)] -> css selector: *[data-__webdriver_id='zvr36sdg5pll0q9lw5']]


 attr name: class
 old value = oxd-input oxd-input--active
 new value = oxd-input oxd-input--focus
 element = [[ChromeDriver: chrome on windows (3450207fc4278e5aa4ef0972313d3889)] -> css selector: *[data-__webdriver_id='cs2f1e3jvrbll0q9lwv']]


 attr name: class
 old value = oxd-input oxd-input--active
 new value = oxd-input oxd-input--focus
 element = [[ChromeDriver: chrome on windows (3450207fc4278e5aa4ef0972313d3889)] -> css selector: *[data-__webdriver_id='oudt5urq85jll0q9mz9']]


 attr name: class
 old value = oxd-input oxd-input--focus
 new value = oxd-input oxd-input--active
 element = [[ChromeDriver: chrome on windows (3450207fc4278e5aa4ef0972313d3889)] -> css selector: *[data-__webdriver_id='cs2f1e3jvrbll0q9lwv']]


###########################

 attr name: data-v-app
 old value = null
 new value = 
 element = [[ChromeDriver: chrome on windows (3450207fc4278e5aa4ef0972313d3889)] -> css selector: *[data-__webdriver_id='zvr36sdg5pll0q9lw5']]


 attr name: class
 old value = oxd-input oxd-input--active
 new value = oxd-input oxd-input--focus
 element = [[ChromeDriver: chrome on windows (3450207fc4278e5aa4ef0972313d3889)] -> css selector: *[data-__webdriver_id='cs2f1e3jvrbll0q9lwv']]


 attr name: class
 old value = oxd-input oxd-input--active
 new value = oxd-input oxd-input--focus
 element = [[ChromeDriver: chrome on windows (3450207fc4278e5aa4ef0972313d3889)] -> css selector: *[data-__webdriver_id='oudt5urq85jll0q9mz9']]


 attr name: class
 old value = oxd-input oxd-input--focus
 new value = oxd-input oxd-input--active
 element = [[ChromeDriver: chrome on windows (3450207fc4278e5aa4ef0972313d3889)] -> css selector: *[data-__webdriver_id='cs2f1e3jvrbll0q9lwv']]


###########################

 attr name: data-v-app
 old value = null
 new value = 
 element = [[ChromeDriver: chrome on windows (3450207fc4278e5aa4ef0972313d3889)] -> css selector: *[data-__webdriver_id='zvr36sdg5pll0q9lw5']]


 attr name: class
 old value = oxd-input oxd-input--active
 new value = oxd-input oxd-input--focus
 element = [[ChromeDriver: chrome on windows (3450207fc4278e5aa4ef0972313d3889)] -> css selector: *[data-__webdriver_id='cs2f1e3jvrbll0q9lwv']]


 attr name: class
 old value = oxd-input oxd-input--active
 new value = oxd-input oxd-input--focus
 element = [[ChromeDriver: chrome on windows (3450207fc4278e5aa4ef0972313d3889)] -> css selector: *[data-__webdriver_id='oudt5urq85jll0q9mz9']]


 attr name: class
 old value = oxd-input oxd-input--focus
 new value = oxd-input oxd-input--active
 element = [[ChromeDriver: chrome on windows (3450207fc4278e5aa4ef0972313d3889)] -> css selector: *[data-__webdriver_id='cs2f1e3jvrbll0q9lwv']]


###########################

 attr name: data-v-app
 old value = null
 new value = 
 element = [[ChromeDriver: chrome on windows (3450207fc4278e5aa4ef0972313d3889)] -> css selector: *[data-__webdriver_id='zvr36sdg5pll0q9lw5']]


 attr name: class
 old value = oxd-input oxd-input--active
 new value = oxd-input oxd-input--focus
 element = [[ChromeDriver: chrome on windows (3450207fc4278e5aa4ef0972313d3889)] -> css selector: *[data-__webdriver_id='cs2f1e3jvrbll0q9lwv']]


 attr name: class
 old value = oxd-input oxd-input--active
 new value = oxd-input oxd-input--focus
 element = [[ChromeDriver: chrome on windows (3450207fc4278e5aa4ef0972313d3889)] -> css selector: *[data-__webdriver_id='oudt5urq85jll0q9mz9']]


 attr name: class
 old value = oxd-input oxd-input--focus
 new value = oxd-input oxd-input--active
 element = [[ChromeDriver: chrome on windows (3450207fc4278e5aa4ef0972313d3889)] -> css selector: *[data-__webdriver_id='cs2f1e3jvrbll0q9lwv']]


###########################

The user has logged in
 attr name: data-v-app
 old value = null
 new value = 
 element = [[ChromeDriver: chrome on windows (3450207fc4278e5aa4ef0972313d3889)] -> css selector: *[data-__webdriver_id='zvr36sdg5pll0q9lw5']]


 attr name: class
 old value = oxd-input oxd-input--active
 new value = oxd-input oxd-input--focus
 element = [[ChromeDriver: chrome on windows (3450207fc4278e5aa4ef0972313d3889)] -> css selector: *[data-__webdriver_id='cs2f1e3jvrbll0q9lwv']]


 attr name: class
 old value = oxd-input oxd-input--active
 new value = oxd-input oxd-input--focus
 element = [[ChromeDriver: chrome on windows (3450207fc4278e5aa4ef0972313d3889)] -> css selector: *[data-__webdriver_id='oudt5urq85jll0q9mz9']]


 attr name: class
 old value = oxd-input oxd-input--focus
 new value = oxd-input oxd-input--active
 element = [[ChromeDriver: chrome on windows (3450207fc4278e5aa4ef0972313d3889)] -> css selector: *[data-__webdriver_id='cs2f1e3jvrbll0q9lwv']]


 attr name: data-v-app
 old value = null
 new value = 
 element = [[ChromeDriver: chrome on windows (3450207fc4278e5aa4ef0972313d3889)] -> css selector: *[data-__webdriver_id='egodp5o9izoll0q9ok1']]


###########################

 attr name: data-v-app
 old value = null
 new value = 
 element = [[ChromeDriver: chrome on windows (3450207fc4278e5aa4ef0972313d3889)] -> css selector: *[data-__webdriver_id='zvr36sdg5pll0q9lw5']]


 attr name: class
 old value = oxd-input oxd-input--active
 new value = oxd-input oxd-input--focus
 element = [[ChromeDriver: chrome on windows (3450207fc4278e5aa4ef0972313d3889)] -> css selector: *[data-__webdriver_id='cs2f1e3jvrbll0q9lwv']]


 attr name: class
 old value = oxd-input oxd-input--active
 new value = oxd-input oxd-input--focus
 element = [[ChromeDriver: chrome on windows (3450207fc4278e5aa4ef0972313d3889)] -> css selector: *[data-__webdriver_id='oudt5urq85jll0q9mz9']]


 attr name: class
 old value = oxd-input oxd-input--focus
 new value = oxd-input oxd-input--active
 element = [[ChromeDriver: chrome on windows (3450207fc4278e5aa4ef0972313d3889)] -> css selector: *[data-__webdriver_id='cs2f1e3jvrbll0q9lwv']]


 attr name: data-v-app
 old value = null
 new value = 
 element = [[ChromeDriver: chrome on windows (3450207fc4278e5aa4ef0972313d3889)] -> css selector: *[data-__webdriver_id='egodp5o9izoll0q9ok1']]


###########################

The dashboard title is displayed
###########################

log: Slow network is detected. See https://www.chromestatus.com/feature/5636954674692096 for more details. Fallback font will be used while loading: https://opensource-demo.orangehrmlive.com/web/dist/fonts/nunito-sans-v6-latin-ext_latin-800.woff2 level: info
log: Slow network is detected. See https://www.chromestatus.com/feature/5636954674692096 for more details. Fallback font will be used while loading: https://opensource-demo.orangehrmlive.com/web/dist/fonts/nunito-sans-v6-latin-ext_latin-regular.woff2 level: info
log: Slow network is detected. See https://www.chromestatus.com/feature/5636954674692096 for more details. Fallback font will be used while loading: https://opensource-demo.orangehrmlive.com/web/dist/fonts/nunito-sans-v6-latin-ext_latin-600.woff2 level: info
log: [DOM] Input elements should have autocomplete attributes (suggested: "current-password"): (More info: https://goo.gl/9p2vKq) %o level: verbose
############### Browser Launch###########
############### Browser Maximised###########
The user has entered the URL
 attr name: data-v-app
 old value = null
 new value = 
 element = [[ChromeDriver: chrome on windows (221aa280ebcf27f31d1014257a145adb)] -> css selector: *[data-__webdriver_id='jtm235ykgoll0q9z0r']]


 attr name: class
 old value = oxd-input oxd-input--active
 new value = oxd-input oxd-input--focus
 element = [[ChromeDriver: chrome on windows (221aa280ebcf27f31d1014257a145adb)] -> css selector: *[data-__webdriver_id='sn05iy9zp7mll0q9z1g']]


###########################

 attr name: data-v-app
 old value = null
 new value = 
 element = [[ChromeDriver: chrome on windows (221aa280ebcf27f31d1014257a145adb)] -> css selector: *[data-__webdriver_id='jtm235ykgoll0q9z0r']]


 attr name: class
 old value = oxd-input oxd-input--active
 new value = oxd-input oxd-input--focus
 element = [[ChromeDriver: chrome on windows (221aa280ebcf27f31d1014257a145adb)] -> css selector: *[data-__webdriver_id='sn05iy9zp7mll0q9z1g']]


###########################

 attr name: data-v-app
 old value = null
 new value = 
 element = [[ChromeDriver: chrome on windows (221aa280ebcf27f31d1014257a145adb)] -> css selector: *[data-__webdriver_id='jtm235ykgoll0q9z0r']]


 attr name: class
 old value = oxd-input oxd-input--active
 new value = oxd-input oxd-input--focus
 element = [[ChromeDriver: chrome on windows (221aa280ebcf27f31d1014257a145adb)] -> css selector: *[data-__webdriver_id='sn05iy9zp7mll0q9z1g']]


###########################

 attr name: data-v-app
 old value = null
 new value = 
 element = [[ChromeDriver: chrome on windows (221aa280ebcf27f31d1014257a145adb)] -> css selector: *[data-__webdriver_id='jtm235ykgoll0q9z0r']]


 attr name: class
 old value = oxd-input oxd-input--active
 new value = oxd-input oxd-input--focus
 element = [[ChromeDriver: chrome on windows (221aa280ebcf27f31d1014257a145adb)] -> css selector: *[data-__webdriver_id='sn05iy9zp7mll0q9z1g']]


###########################

 attr name: data-v-app
 old value = null
 new value = 
 element = [[ChromeDriver: chrome on windows (221aa280ebcf27f31d1014257a145adb)] -> css selector: *[data-__webdriver_id='jtm235ykgoll0q9z0r']]


 attr name: class
 old value = oxd-input oxd-input--active
 new value = oxd-input oxd-input--focus
 element = [[ChromeDriver: chrome on windows (221aa280ebcf27f31d1014257a145adb)] -> css selector: *[data-__webdriver_id='sn05iy9zp7mll0q9z1g']]


###########################

 attr name: data-v-app
 old value = null
 new value = 
 element = [[ChromeDriver: chrome on windows (221aa280ebcf27f31d1014257a145adb)] -> css selector: *[data-__webdriver_id='jtm235ykgoll0q9z0r']]


 attr name: class
 old value = oxd-input oxd-input--active
 new value = oxd-input oxd-input--focus
 element = [[ChromeDriver: chrome on windows (221aa280ebcf27f31d1014257a145adb)] -> css selector: *[data-__webdriver_id='sn05iy9zp7mll0q9z1g']]


###########################

The user has entered the username Nancie Wyman
 attr name: data-v-app
 old value = null
 new value = 
 element = [[ChromeDriver: chrome on windows (221aa280ebcf27f31d1014257a145adb)] -> css selector: *[data-__webdriver_id='jtm235ykgoll0q9z0r']]


 attr name: class
 old value = oxd-input oxd-input--active
 new value = oxd-input oxd-input--focus
 element = [[ChromeDriver: chrome on windows (221aa280ebcf27f31d1014257a145adb)] -> css selector: *[data-__webdriver_id='sn05iy9zp7mll0q9z1g']]


###########################

 attr name: data-v-app
 old value = null
 new value = 
 element = [[ChromeDriver: chrome on windows (221aa280ebcf27f31d1014257a145adb)] -> css selector: *[data-__webdriver_id='jtm235ykgoll0q9z0r']]


 attr name: class
 old value = oxd-input oxd-input--active
 new value = oxd-input oxd-input--focus
 element = [[ChromeDriver: chrome on windows (221aa280ebcf27f31d1014257a145adb)] -> css selector: *[data-__webdriver_id='sn05iy9zp7mll0q9z1g']]


###########################

 attr name: data-v-app
 old value = null
 new value = 
 element = [[ChromeDriver: chrome on windows (221aa280ebcf27f31d1014257a145adb)] -> css selector: *[data-__webdriver_id='jtm235ykgoll0q9z0r']]


 attr name: class
 old value = oxd-input oxd-input--active
 new value = oxd-input oxd-input--focus
 element = [[ChromeDriver: chrome on windows (221aa280ebcf27f31d1014257a145adb)] -> css selector: *[data-__webdriver_id='sn05iy9zp7mll0q9z1g']]


###########################

 attr name: data-v-app
 old value = null
 new value = 
 element = [[ChromeDriver: chrome on windows (221aa280ebcf27f31d1014257a145adb)] -> css selector: *[data-__webdriver_id='jtm235ykgoll0q9z0r']]


 attr name: class
 old value = oxd-input oxd-input--active
 new value = oxd-input oxd-input--focus
 element = [[ChromeDriver: chrome on windows (221aa280ebcf27f31d1014257a145adb)] -> css selector: *[data-__webdriver_id='sn05iy9zp7mll0q9z1g']]


###########################

 attr name: data-v-app
 old value = null
 new value = 
 element = [[ChromeDriver: chrome on windows (221aa280ebcf27f31d1014257a145adb)] -> css selector: *[data-__webdriver_id='jtm235ykgoll0q9z0r']]


 attr name: class
 old value = oxd-input oxd-input--active
 new value = oxd-input oxd-input--focus
 element = [[ChromeDriver: chrome on windows (221aa280ebcf27f31d1014257a145adb)] -> css selector: *[data-__webdriver_id='sn05iy9zp7mll0q9z1g']]


###########################

 attr name: data-v-app
 old value = null
 new value = 
 element = [[ChromeDriver: chrome on windows (221aa280ebcf27f31d1014257a145adb)] -> css selector: *[data-__webdriver_id='jtm235ykgoll0q9z0r']]


 attr name: class
 old value = oxd-input oxd-input--active
 new value = oxd-input oxd-input--focus
 element = [[ChromeDriver: chrome on windows (221aa280ebcf27f31d1014257a145adb)] -> css selector: *[data-__webdriver_id='sn05iy9zp7mll0q9z1g']]


 attr name: class
 old value = oxd-input oxd-input--focus
 new value = oxd-input oxd-input--active
 element = [[ChromeDriver: chrome on windows (221aa280ebcf27f31d1014257a145adb)] -> css selector: *[data-__webdriver_id='sn05iy9zp7mll0q9z1g']]


 attr name: class
 old value = oxd-input oxd-input--active
 new value = oxd-input oxd-input--focus
 element = [[ChromeDriver: chrome on windows (221aa280ebcf27f31d1014257a145adb)] -> css selector: *[data-__webdriver_id='l34l7aqrexlll0q9zw0']]


###########################

The user has entered the password
 attr name: data-v-app
 old value = null
 new value = 
 element = [[ChromeDriver: chrome on windows (221aa280ebcf27f31d1014257a145adb)] -> css selector: *[data-__webdriver_id='jtm235ykgoll0q9z0r']]


 attr name: class
 old value = oxd-input oxd-input--active
 new value = oxd-input oxd-input--focus
 element = [[ChromeDriver: chrome on windows (221aa280ebcf27f31d1014257a145adb)] -> css selector: *[data-__webdriver_id='sn05iy9zp7mll0q9z1g']]


 attr name: class
 old value = oxd-input oxd-input--focus
 new value = oxd-input oxd-input--active
 element = [[ChromeDriver: chrome on windows (221aa280ebcf27f31d1014257a145adb)] -> css selector: *[data-__webdriver_id='sn05iy9zp7mll0q9z1g']]


 attr name: class
 old value = oxd-input oxd-input--active
 new value = oxd-input oxd-input--focus
 element = [[ChromeDriver: chrome on windows (221aa280ebcf27f31d1014257a145adb)] -> css selector: *[data-__webdriver_id='l34l7aqrexlll0q9zw0']]


###########################

 attr name: data-v-app
 old value = null
 new value = 
 element = [[ChromeDriver: chrome on windows (221aa280ebcf27f31d1014257a145adb)] -> css selector: *[data-__webdriver_id='jtm235ykgoll0q9z0r']]


 attr name: class
 old value = oxd-input oxd-input--active
 new value = oxd-input oxd-input--focus
 element = [[ChromeDriver: chrome on windows (221aa280ebcf27f31d1014257a145adb)] -> css selector: *[data-__webdriver_id='sn05iy9zp7mll0q9z1g']]


 attr name: class
 old value = oxd-input oxd-input--focus
 new value = oxd-input oxd-input--active
 element = [[ChromeDriver: chrome on windows (221aa280ebcf27f31d1014257a145adb)] -> css selector: *[data-__webdriver_id='sn05iy9zp7mll0q9z1g']]


 attr name: class
 old value = oxd-input oxd-input--active
 new value = oxd-input oxd-input--focus
 element = [[ChromeDriver: chrome on windows (221aa280ebcf27f31d1014257a145adb)] -> css selector: *[data-__webdriver_id='l34l7aqrexlll0q9zw0']]


###########################

 attr name: data-v-app
 old value = null
 new value = 
 element = [[ChromeDriver: chrome on windows (221aa280ebcf27f31d1014257a145adb)] -> css selector: *[data-__webdriver_id='jtm235ykgoll0q9z0r']]


 attr name: class
 old value = oxd-input oxd-input--active
 new value = oxd-input oxd-input--focus
 element = [[ChromeDriver: chrome on windows (221aa280ebcf27f31d1014257a145adb)] -> css selector: *[data-__webdriver_id='sn05iy9zp7mll0q9z1g']]


 attr name: class
 old value = oxd-input oxd-input--focus
 new value = oxd-input oxd-input--active
 element = [[ChromeDriver: chrome on windows (221aa280ebcf27f31d1014257a145adb)] -> css selector: *[data-__webdriver_id='sn05iy9zp7mll0q9z1g']]


 attr name: class
 old value = oxd-input oxd-input--active
 new value = oxd-input oxd-input--focus
 element = [[ChromeDriver: chrome on windows (221aa280ebcf27f31d1014257a145adb)] -> css selector: *[data-__webdriver_id='l34l7aqrexlll0q9zw0']]


###########################

 attr name: data-v-app
 old value = null
 new value = 
 element = [[ChromeDriver: chrome on windows (221aa280ebcf27f31d1014257a145adb)] -> css selector: *[data-__webdriver_id='jtm235ykgoll0q9z0r']]


 attr name: class
 old value = oxd-input oxd-input--active
 new value = oxd-input oxd-input--focus
 element = [[ChromeDriver: chrome on windows (221aa280ebcf27f31d1014257a145adb)] -> css selector: *[data-__webdriver_id='sn05iy9zp7mll0q9z1g']]


 attr name: class
 old value = oxd-input oxd-input--focus
 new value = oxd-input oxd-input--active
 element = [[ChromeDriver: chrome on windows (221aa280ebcf27f31d1014257a145adb)] -> css selector: *[data-__webdriver_id='sn05iy9zp7mll0q9z1g']]


 attr name: class
 old value = oxd-input oxd-input--active
 new value = oxd-input oxd-input--focus
 element = [[ChromeDriver: chrome on windows (221aa280ebcf27f31d1014257a145adb)] -> css selector: *[data-__webdriver_id='l34l7aqrexlll0q9zw0']]


###########################

The user has logged in
 attr name: data-v-app
 old value = null
 new value = 
 element = [[ChromeDriver: chrome on windows (221aa280ebcf27f31d1014257a145adb)] -> css selector: *[data-__webdriver_id='jtm235ykgoll0q9z0r']]


 attr name: class
 old value = oxd-input oxd-input--active
 new value = oxd-input oxd-input--focus
 element = [[ChromeDriver: chrome on windows (221aa280ebcf27f31d1014257a145adb)] -> css selector: *[data-__webdriver_id='sn05iy9zp7mll0q9z1g']]


 attr name: class
 old value = oxd-input oxd-input--focus
 new value = oxd-input oxd-input--active
 element = [[ChromeDriver: chrome on windows (221aa280ebcf27f31d1014257a145adb)] -> css selector: *[data-__webdriver_id='sn05iy9zp7mll0q9z1g']]


 attr name: class
 old value = oxd-input oxd-input--active
 new value = oxd-input oxd-input--focus
 element = [[ChromeDriver: chrome on windows (221aa280ebcf27f31d1014257a145adb)] -> css selector: *[data-__webdriver_id='l34l7aqrexlll0q9zw0']]


 attr name: data-v-app
 old value = null
 new value = 
 element = [[ChromeDriver: chrome on windows (221aa280ebcf27f31d1014257a145adb)] -> css selector: *[data-__webdriver_id='l8zmsoqopell0qa1lb']]


###########################

 attr name: data-v-app
 old value = null
 new value = 
 element = [[ChromeDriver: chrome on windows (221aa280ebcf27f31d1014257a145adb)] -> css selector: *[data-__webdriver_id='jtm235ykgoll0q9z0r']]


 attr name: class
 old value = oxd-input oxd-input--active
 new value = oxd-input oxd-input--focus
 element = [[ChromeDriver: chrome on windows (221aa280ebcf27f31d1014257a145adb)] -> css selector: *[data-__webdriver_id='sn05iy9zp7mll0q9z1g']]


 attr name: class
 old value = oxd-input oxd-input--focus
 new value = oxd-input oxd-input--active
 element = [[ChromeDriver: chrome on windows (221aa280ebcf27f31d1014257a145adb)] -> css selector: *[data-__webdriver_id='sn05iy9zp7mll0q9z1g']]


 attr name: class
 old value = oxd-input oxd-input--active
 new value = oxd-input oxd-input--focus
 element = [[ChromeDriver: chrome on windows (221aa280ebcf27f31d1014257a145adb)] -> css selector: *[data-__webdriver_id='l34l7aqrexlll0q9zw0']]


 attr name: data-v-app
 old value = null
 new value = 
 element = [[ChromeDriver: chrome on windows (221aa280ebcf27f31d1014257a145adb)] -> css selector: *[data-__webdriver_id='l8zmsoqopell0qa1lb']]


###########################

The dashboard title is displayed
 attr name: data-v-app
 old value = null
 new value = 
 element = [[ChromeDriver: chrome on windows (221aa280ebcf27f31d1014257a145adb)] -> css selector: *[data-__webdriver_id='jtm235ykgoll0q9z0r']]


 attr name: class
 old value = oxd-input oxd-input--active
 new value = oxd-input oxd-input--focus
 element = [[ChromeDriver: chrome on windows (221aa280ebcf27f31d1014257a145adb)] -> css selector: *[data-__webdriver_id='sn05iy9zp7mll0q9z1g']]


 attr name: class
 old value = oxd-input oxd-input--focus
 new value = oxd-input oxd-input--active
 element = [[ChromeDriver: chrome on windows (221aa280ebcf27f31d1014257a145adb)] -> css selector: *[data-__webdriver_id='sn05iy9zp7mll0q9z1g']]


 attr name: class
 old value = oxd-input oxd-input--active
 new value = oxd-input oxd-input--focus
 element = [[ChromeDriver: chrome on windows (221aa280ebcf27f31d1014257a145adb)] -> css selector: *[data-__webdriver_id='l34l7aqrexlll0q9zw0']]


 attr name: data-v-app
 old value = null
 new value = 
 element = [[ChromeDriver: chrome on windows (221aa280ebcf27f31d1014257a145adb)] -> css selector: *[data-__webdriver_id='l8zmsoqopell0qa1lb']]


 attr name: style
 old value = null
 new value = display: block; box-sizing: border-box; height: 170px; width: 270px;
 element = [[ChromeDriver: chrome on windows (221aa280ebcf27f31d1014257a145adb)] -> css selector: *[data-__webdriver_id='d5e6zuwpygll0qa212']]


 attr name: width
 old value = null
 new value = 337
 element = [[ChromeDriver: chrome on windows (221aa280ebcf27f31d1014257a145adb)] -> css selector: *[data-__webdriver_id='d5e6zuwpygll0qa212']]


 attr name: style
 old value = display: block;
 new value = display: block; box-sizing: border-box; height: 170px; width: 270px;
 element = [[ChromeDriver: chrome on windows (221aa280ebcf27f31d1014257a145adb)] -> css selector: *[data-__webdriver_id='d5e6zuwpygll0qa212']]


 attr name: height
 old value = null
 new value = 212
 element = [[ChromeDriver: chrome on windows (221aa280ebcf27f31d1014257a145adb)] -> css selector: *[data-__webdriver_id='d5e6zuwpygll0qa212']]


 attr name: style
 old value = display: block; box-sizing: border-box;
 new value = display: block; box-sizing: border-box; height: 170px; width: 270px;
 element = [[ChromeDriver: chrome on windows (221aa280ebcf27f31d1014257a145adb)] -> css selector: *[data-__webdriver_id='d5e6zuwpygll0qa212']]


 attr name: style
 old value = display: block; box-sizing: border-box; height: 170px;
 new value = display: block; box-sizing: border-box; height: 170px; width: 270px;
 element = [[ChromeDriver: chrome on windows (221aa280ebcf27f31d1014257a145adb)] -> css selector: *[data-__webdriver_id='d5e6zuwpygll0qa212']]


 attr name: height
 old value = 300
 new value = 212
 element = [[ChromeDriver: chrome on windows (221aa280ebcf27f31d1014257a145adb)] -> css selector: *[data-__webdriver_id='d5e6zuwpygll0qa212']]


 attr name: width
 old value = 300
 new value = 337
 element = [[ChromeDriver: chrome on windows (221aa280ebcf27f31d1014257a145adb)] -> css selector: *[data-__webdriver_id='d5e6zuwpygll0qa212']]


 attr name: height
 old value = 212
 new value = 212
 element = [[ChromeDriver: chrome on windows (221aa280ebcf27f31d1014257a145adb)] -> css selector: *[data-__webdriver_id='d5e6zuwpygll0qa212']]


 attr name: style
 old value = display: block; box-sizing: border-box; height: 170px; width: 262px;
 new value = display: block; box-sizing: border-box; height: 170px; width: 270px;
 element = [[ChromeDriver: chrome on windows (221aa280ebcf27f31d1014257a145adb)] -> css selector: *[data-__webdriver_id='d5e6zuwpygll0qa212']]


 attr name: width
 old value = 327
 new value = 337
 element = [[ChromeDriver: chrome on windows (221aa280ebcf27f31d1014257a145adb)] -> css selector: *[data-__webdriver_id='d5e6zuwpygll0qa212']]


 attr name: style
 old value = display: block;
 new value = display: block; box-sizing: border-box; height: 265px; width: 302px;
 element = [[ChromeDriver: chrome on windows (221aa280ebcf27f31d1014257a145adb)] -> css selector: *[data-__webdriver_id='b61fz7lp62ll0qa2ep']]


 attr name: width
 old value = null
 new value = 377
 element = [[ChromeDriver: chrome on windows (221aa280ebcf27f31d1014257a145adb)] -> css selector: *[data-__webdriver_id='b61fz7lp62ll0qa2ep']]


 attr name: style
 old value = null
 new value = display: block; box-sizing: border-box; height: 265px; width: 302px;
 element = [[ChromeDriver: chrome on windows (221aa280ebcf27f31d1014257a145adb)] -> css selector: *[data-__webdriver_id='b61fz7lp62ll0qa2ep']]


 attr name: style
 old value = display: block; box-sizing: border-box;
 new value = display: block; box-sizing: border-box; height: 265px; width: 302px;
 element = [[ChromeDriver: chrome on windows (221aa280ebcf27f31d1014257a145adb)] -> css selector: *[data-__webdriver_id='b61fz7lp62ll0qa2ep']]


 attr name: height
 old value = null
 new value = 331
 element = [[ChromeDriver: chrome on windows (221aa280ebcf27f31d1014257a145adb)] -> css selector: *[data-__webdriver_id='b61fz7lp62ll0qa2ep']]


 attr name: style
 old value = display: block; box-sizing: border-box; height: 265px;
 new value = display: block; box-sizing: border-box; height: 265px; width: 302px;
 element = [[ChromeDriver: chrome on windows (221aa280ebcf27f31d1014257a145adb)] -> css selector: *[data-__webdriver_id='b61fz7lp62ll0qa2ep']]


 attr name: height
 old value = 300
 new value = 331
 element = [[ChromeDriver: chrome on windows (221aa280ebcf27f31d1014257a145adb)] -> css selector: *[data-__webdriver_id='b61fz7lp62ll0qa2ep']]


 attr name: width
 old value = 300
 new value = 377
 element = [[ChromeDriver: chrome on windows (221aa280ebcf27f31d1014257a145adb)] -> css selector: *[data-__webdriver_id='b61fz7lp62ll0qa2ep']]


 attr name: style
 old value = display: block;
 new value = display: block; box-sizing: border-box; height: 265px; width: 302px;
 element = [[ChromeDriver: chrome on windows (221aa280ebcf27f31d1014257a145adb)] -> css selector: *[data-__webdriver_id='sujtgbvizball0qa2gt']]


 attr name: style
 old value = null
 new value = display: block; box-sizing: border-box; height: 265px; width: 302px;
 element = [[ChromeDriver: chrome on windows (221aa280ebcf27f31d1014257a145adb)] -> css selector: *[data-__webdriver_id='sujtgbvizball0qa2gt']]


 attr name: width
 old value = null
 new value = 377
 element = [[ChromeDriver: chrome on windows (221aa280ebcf27f31d1014257a145adb)] -> css selector: *[data-__webdriver_id='sujtgbvizball0qa2gt']]


 attr name: height
 old value = null
 new value = 331
 element = [[ChromeDriver: chrome on windows (221aa280ebcf27f31d1014257a145adb)] -> css selector: *[data-__webdriver_id='sujtgbvizball0qa2gt']]


 attr name: style
 old value = display: block; box-sizing: border-box; height: 265px;
 new value = display: block; box-sizing: border-box; height: 265px; width: 302px;
 element = [[ChromeDriver: chrome on windows (221aa280ebcf27f31d1014257a145adb)] -> css selector: *[data-__webdriver_id='sujtgbvizball0qa2gt']]


 attr name: height
 old value = 300
 new value = 331
 element = [[ChromeDriver: chrome on windows (221aa280ebcf27f31d1014257a145adb)] -> css selector: *[data-__webdriver_id='sujtgbvizball0qa2gt']]


 attr name: width
 old value = 300
 new value = 377
 element = [[ChromeDriver: chrome on windows (221aa280ebcf27f31d1014257a145adb)] -> css selector: *[data-__webdriver_id='sujtgbvizball0qa2gt']]


 attr name: style
 old value = display: block; box-sizing: border-box;
 new value = display: block; box-sizing: border-box; height: 265px; width: 302px;
 element = [[ChromeDriver: chrome on windows (221aa280ebcf27f31d1014257a145adb)] -> css selector: *[data-__webdriver_id='sujtgbvizball0qa2gt']]


###########################

 attr name: data-v-app
 old value = null
 new value = 
 element = [[ChromeDriver: chrome on windows (221aa280ebcf27f31d1014257a145adb)] -> css selector: *[data-__webdriver_id='jtm235ykgoll0q9z0r']]


 attr name: class
 old value = oxd-input oxd-input--active
 new value = oxd-input oxd-input--focus
 element = [[ChromeDriver: chrome on windows (221aa280ebcf27f31d1014257a145adb)] -> css selector: *[data-__webdriver_id='sn05iy9zp7mll0q9z1g']]


 attr name: class
 old value = oxd-input oxd-input--focus
 new value = oxd-input oxd-input--active
 element = [[ChromeDriver: chrome on windows (221aa280ebcf27f31d1014257a145adb)] -> css selector: *[data-__webdriver_id='sn05iy9zp7mll0q9z1g']]


 attr name: class
 old value = oxd-input oxd-input--active
 new value = oxd-input oxd-input--focus
 element = [[ChromeDriver: chrome on windows (221aa280ebcf27f31d1014257a145adb)] -> css selector: *[data-__webdriver_id='l34l7aqrexlll0q9zw0']]


 attr name: data-v-app
 old value = null
 new value = 
 element = [[ChromeDriver: chrome on windows (221aa280ebcf27f31d1014257a145adb)] -> css selector: *[data-__webdriver_id='l8zmsoqopell0qa1lb']]


 attr name: style
 old value = null
 new value = display: block; box-sizing: border-box; height: 170px; width: 270px;
 element = [[ChromeDriver: chrome on windows (221aa280ebcf27f31d1014257a145adb)] -> css selector: *[data-__webdriver_id='d5e6zuwpygll0qa212']]


 attr name: width
 old value = null
 new value = 337
 element = [[ChromeDriver: chrome on windows (221aa280ebcf27f31d1014257a145adb)] -> css selector: *[data-__webdriver_id='d5e6zuwpygll0qa212']]


 attr name: style
 old value = display: block;
 new value = display: block; box-sizing: border-box; height: 170px; width: 270px;
 element = [[ChromeDriver: chrome on windows (221aa280ebcf27f31d1014257a145adb)] -> css selector: *[data-__webdriver_id='d5e6zuwpygll0qa212']]


 attr name: height
 old value = null
 new value = 212
 element = [[ChromeDriver: chrome on windows (221aa280ebcf27f31d1014257a145adb)] -> css selector: *[data-__webdriver_id='d5e6zuwpygll0qa212']]


 attr name: style
 old value = display: block; box-sizing: border-box;
 new value = display: block; box-sizing: border-box; height: 170px; width: 270px;
 element = [[ChromeDriver: chrome on windows (221aa280ebcf27f31d1014257a145adb)] -> css selector: *[data-__webdriver_id='d5e6zuwpygll0qa212']]


 attr name: style
 old value = display: block; box-sizing: border-box; height: 170px;
 new value = display: block; box-sizing: border-box; height: 170px; width: 270px;
 element = [[ChromeDriver: chrome on windows (221aa280ebcf27f31d1014257a145adb)] -> css selector: *[data-__webdriver_id='d5e6zuwpygll0qa212']]


 attr name: height
 old value = 300
 new value = 212
 element = [[ChromeDriver: chrome on windows (221aa280ebcf27f31d1014257a145adb)] -> css selector: *[data-__webdriver_id='d5e6zuwpygll0qa212']]


 attr name: width
 old value = 300
 new value = 337
 element = [[ChromeDriver: chrome on windows (221aa280ebcf27f31d1014257a145adb)] -> css selector: *[data-__webdriver_id='d5e6zuwpygll0qa212']]


 attr name: height
 old value = 212
 new value = 212
 element = [[ChromeDriver: chrome on windows (221aa280ebcf27f31d1014257a145adb)] -> css selector: *[data-__webdriver_id='d5e6zuwpygll0qa212']]


 attr name: style
 old value = display: block; box-sizing: border-box; height: 170px; width: 262px;
 new value = display: block; box-sizing: border-box; height: 170px; width: 270px;
 element = [[ChromeDriver: chrome on windows (221aa280ebcf27f31d1014257a145adb)] -> css selector: *[data-__webdriver_id='d5e6zuwpygll0qa212']]


 attr name: width
 old value = 327
 new value = 337
 element = [[ChromeDriver: chrome on windows (221aa280ebcf27f31d1014257a145adb)] -> css selector: *[data-__webdriver_id='d5e6zuwpygll0qa212']]


 attr name: style
 old value = display: block;
 new value = display: block; box-sizing: border-box; height: 265px; width: 302px;
 element = [[ChromeDriver: chrome on windows (221aa280ebcf27f31d1014257a145adb)] -> css selector: *[data-__webdriver_id='b61fz7lp62ll0qa2ep']]


 attr name: width
 old value = null
 new value = 377
 element = [[ChromeDriver: chrome on windows (221aa280ebcf27f31d1014257a145adb)] -> css selector: *[data-__webdriver_id='b61fz7lp62ll0qa2ep']]


 attr name: style
 old value = null
 new value = display: block; box-sizing: border-box; height: 265px; width: 302px;
 element = [[ChromeDriver: chrome on windows (221aa280ebcf27f31d1014257a145adb)] -> css selector: *[data-__webdriver_id='b61fz7lp62ll0qa2ep']]


 attr name: style
 old value = display: block; box-sizing: border-box;
 new value = display: block; box-sizing: border-box; height: 265px; width: 302px;
 element = [[ChromeDriver: chrome on windows (221aa280ebcf27f31d1014257a145adb)] -> css selector: *[data-__webdriver_id='b61fz7lp62ll0qa2ep']]


 attr name: height
 old value = null
 new value = 331
 element = [[ChromeDriver: chrome on windows (221aa280ebcf27f31d1014257a145adb)] -> css selector: *[data-__webdriver_id='b61fz7lp62ll0qa2ep']]


 attr name: style
 old value = display: block; box-sizing: border-box; height: 265px;
 new value = display: block; box-sizing: border-box; height: 265px; width: 302px;
 element = [[ChromeDriver: chrome on windows (221aa280ebcf27f31d1014257a145adb)] -> css selector: *[data-__webdriver_id='b61fz7lp62ll0qa2ep']]


 attr name: height
 old value = 300
 new value = 331
 element = [[ChromeDriver: chrome on windows (221aa280ebcf27f31d1014257a145adb)] -> css selector: *[data-__webdriver_id='b61fz7lp62ll0qa2ep']]


 attr name: width
 old value = 300
 new value = 377
 element = [[ChromeDriver: chrome on windows (221aa280ebcf27f31d1014257a145adb)] -> css selector: *[data-__webdriver_id='b61fz7lp62ll0qa2ep']]


 attr name: style
 old value = display: block;
 new value = display: block; box-sizing: border-box; height: 265px; width: 302px;
 element = [[ChromeDriver: chrome on windows (221aa280ebcf27f31d1014257a145adb)] -> css selector: *[data-__webdriver_id='sujtgbvizball0qa2gt']]


 attr name: style
 old value = null
 new value = display: block; box-sizing: border-box; height: 265px; width: 302px;
 element = [[ChromeDriver: chrome on windows (221aa280ebcf27f31d1014257a145adb)] -> css selector: *[data-__webdriver_id='sujtgbvizball0qa2gt']]


 attr name: width
 old value = null
 new value = 377
 element = [[ChromeDriver: chrome on windows (221aa280ebcf27f31d1014257a145adb)] -> css selector: *[data-__webdriver_id='sujtgbvizball0qa2gt']]


 attr name: height
 old value = null
 new value = 331
 element = [[ChromeDriver: chrome on windows (221aa280ebcf27f31d1014257a145adb)] -> css selector: *[data-__webdriver_id='sujtgbvizball0qa2gt']]


 attr name: style
 old value = display: block; box-sizing: border-box; height: 265px;
 new value = display: block; box-sizing: border-box; height: 265px; width: 302px;
 element = [[ChromeDriver: chrome on windows (221aa280ebcf27f31d1014257a145adb)] -> css selector: *[data-__webdriver_id='sujtgbvizball0qa2gt']]


 attr name: height
 old value = 300
 new value = 331
 element = [[ChromeDriver: chrome on windows (221aa280ebcf27f31d1014257a145adb)] -> css selector: *[data-__webdriver_id='sujtgbvizball0qa2gt']]


 attr name: width
 old value = 300
 new value = 377
 element = [[ChromeDriver: chrome on windows (221aa280ebcf27f31d1014257a145adb)] -> css selector: *[data-__webdriver_id='sujtgbvizball0qa2gt']]


 attr name: style
 old value = display: block; box-sizing: border-box;
 new value = display: block; box-sizing: border-box; height: 265px; width: 302px;
 element = [[ChromeDriver: chrome on windows (221aa280ebcf27f31d1014257a145adb)] -> css selector: *[data-__webdriver_id='sujtgbvizball0qa2gt']]


###########################

 attr name: data-v-app
 old value = null
 new value = 
 element = [[ChromeDriver: chrome on windows (221aa280ebcf27f31d1014257a145adb)] -> css selector: *[data-__webdriver_id='jtm235ykgoll0q9z0r']]


 attr name: class
 old value = oxd-input oxd-input--active
 new value = oxd-input oxd-input--focus
 element = [[ChromeDriver: chrome on windows (221aa280ebcf27f31d1014257a145adb)] -> css selector: *[data-__webdriver_id='sn05iy9zp7mll0q9z1g']]


 attr name: class
 old value = oxd-input oxd-input--focus
 new value = oxd-input oxd-input--active
 element = [[ChromeDriver: chrome on windows (221aa280ebcf27f31d1014257a145adb)] -> css selector: *[data-__webdriver_id='sn05iy9zp7mll0q9z1g']]


 attr name: class
 old value = oxd-input oxd-input--active
 new value = oxd-input oxd-input--focus
 element = [[ChromeDriver: chrome on windows (221aa280ebcf27f31d1014257a145adb)] -> css selector: *[data-__webdriver_id='l34l7aqrexlll0q9zw0']]


 attr name: data-v-app
 old value = null
 new value = 
 element = [[ChromeDriver: chrome on windows (221aa280ebcf27f31d1014257a145adb)] -> css selector: *[data-__webdriver_id='l8zmsoqopell0qa1lb']]


 attr name: style
 old value = null
 new value = display: block; box-sizing: border-box; height: 170px; width: 270px;
 element = [[ChromeDriver: chrome on windows (221aa280ebcf27f31d1014257a145adb)] -> css selector: *[data-__webdriver_id='d5e6zuwpygll0qa212']]


 attr name: width
 old value = null
 new value = 337
 element = [[ChromeDriver: chrome on windows (221aa280ebcf27f31d1014257a145adb)] -> css selector: *[data-__webdriver_id='d5e6zuwpygll0qa212']]


 attr name: style
 old value = display: block;
 new value = display: block; box-sizing: border-box; height: 170px; width: 270px;
 element = [[ChromeDriver: chrome on windows (221aa280ebcf27f31d1014257a145adb)] -> css selector: *[data-__webdriver_id='d5e6zuwpygll0qa212']]


 attr name: height
 old value = null
 new value = 212
 element = [[ChromeDriver: chrome on windows (221aa280ebcf27f31d1014257a145adb)] -> css selector: *[data-__webdriver_id='d5e6zuwpygll0qa212']]


 attr name: style
 old value = display: block; box-sizing: border-box;
 new value = display: block; box-sizing: border-box; height: 170px; width: 270px;
 element = [[ChromeDriver: chrome on windows (221aa280ebcf27f31d1014257a145adb)] -> css selector: *[data-__webdriver_id='d5e6zuwpygll0qa212']]


 attr name: style
 old value = display: block; box-sizing: border-box; height: 170px;
 new value = display: block; box-sizing: border-box; height: 170px; width: 270px;
 element = [[ChromeDriver: chrome on windows (221aa280ebcf27f31d1014257a145adb)] -> css selector: *[data-__webdriver_id='d5e6zuwpygll0qa212']]


 attr name: height
 old value = 300
 new value = 212
 element = [[ChromeDriver: chrome on windows (221aa280ebcf27f31d1014257a145adb)] -> css selector: *[data-__webdriver_id='d5e6zuwpygll0qa212']]


 attr name: width
 old value = 300
 new value = 337
 element = [[ChromeDriver: chrome on windows (221aa280ebcf27f31d1014257a145adb)] -> css selector: *[data-__webdriver_id='d5e6zuwpygll0qa212']]


 attr name: height
 old value = 212
 new value = 212
 element = [[ChromeDriver: chrome on windows (221aa280ebcf27f31d1014257a145adb)] -> css selector: *[data-__webdriver_id='d5e6zuwpygll0qa212']]


 attr name: style
 old value = display: block; box-sizing: border-box; height: 170px; width: 262px;
 new value = display: block; box-sizing: border-box; height: 170px; width: 270px;
 element = [[ChromeDriver: chrome on windows (221aa280ebcf27f31d1014257a145adb)] -> css selector: *[data-__webdriver_id='d5e6zuwpygll0qa212']]


 attr name: width
 old value = 327
 new value = 337
 element = [[ChromeDriver: chrome on windows (221aa280ebcf27f31d1014257a145adb)] -> css selector: *[data-__webdriver_id='d5e6zuwpygll0qa212']]


 attr name: style
 old value = display: block;
 new value = display: block; box-sizing: border-box; height: 265px; width: 302px;
 element = [[ChromeDriver: chrome on windows (221aa280ebcf27f31d1014257a145adb)] -> css selector: *[data-__webdriver_id='b61fz7lp62ll0qa2ep']]


 attr name: width
 old value = null
 new value = 377
 element = [[ChromeDriver: chrome on windows (221aa280ebcf27f31d1014257a145adb)] -> css selector: *[data-__webdriver_id='b61fz7lp62ll0qa2ep']]


 attr name: style
 old value = null
 new value = display: block; box-sizing: border-box; height: 265px; width: 302px;
 element = [[ChromeDriver: chrome on windows (221aa280ebcf27f31d1014257a145adb)] -> css selector: *[data-__webdriver_id='b61fz7lp62ll0qa2ep']]


 attr name: style
 old value = display: block; box-sizing: border-box;
 new value = display: block; box-sizing: border-box; height: 265px; width: 302px;
 element = [[ChromeDriver: chrome on windows (221aa280ebcf27f31d1014257a145adb)] -> css selector: *[data-__webdriver_id='b61fz7lp62ll0qa2ep']]


 attr name: height
 old value = null
 new value = 331
 element = [[ChromeDriver: chrome on windows (221aa280ebcf27f31d1014257a145adb)] -> css selector: *[data-__webdriver_id='b61fz7lp62ll0qa2ep']]


 attr name: style
 old value = display: block; box-sizing: border-box; height: 265px;
 new value = display: block; box-sizing: border-box; height: 265px; width: 302px;
 element = [[ChromeDriver: chrome on windows (221aa280ebcf27f31d1014257a145adb)] -> css selector: *[data-__webdriver_id='b61fz7lp62ll0qa2ep']]


 attr name: height
 old value = 300
 new value = 331
 element = [[ChromeDriver: chrome on windows (221aa280ebcf27f31d1014257a145adb)] -> css selector: *[data-__webdriver_id='b61fz7lp62ll0qa2ep']]


 attr name: width
 old value = 300
 new value = 377
 element = [[ChromeDriver: chrome on windows (221aa280ebcf27f31d1014257a145adb)] -> css selector: *[data-__webdriver_id='b61fz7lp62ll0qa2ep']]


 attr name: style
 old value = display: block;
 new value = display: block; box-sizing: border-box; height: 265px; width: 302px;
 element = [[ChromeDriver: chrome on windows (221aa280ebcf27f31d1014257a145adb)] -> css selector: *[data-__webdriver_id='sujtgbvizball0qa2gt']]


 attr name: style
 old value = null
 new value = display: block; box-sizing: border-box; height: 265px; width: 302px;
 element = [[ChromeDriver: chrome on windows (221aa280ebcf27f31d1014257a145adb)] -> css selector: *[data-__webdriver_id='sujtgbvizball0qa2gt']]


 attr name: width
 old value = null
 new value = 377
 element = [[ChromeDriver: chrome on windows (221aa280ebcf27f31d1014257a145adb)] -> css selector: *[data-__webdriver_id='sujtgbvizball0qa2gt']]


 attr name: height
 old value = null
 new value = 331
 element = [[ChromeDriver: chrome on windows (221aa280ebcf27f31d1014257a145adb)] -> css selector: *[data-__webdriver_id='sujtgbvizball0qa2gt']]


 attr name: style
 old value = display: block; box-sizing: border-box; height: 265px;
 new value = display: block; box-sizing: border-box; height: 265px; width: 302px;
 element = [[ChromeDriver: chrome on windows (221aa280ebcf27f31d1014257a145adb)] -> css selector: *[data-__webdriver_id='sujtgbvizball0qa2gt']]


 attr name: height
 old value = 300
 new value = 331
 element = [[ChromeDriver: chrome on windows (221aa280ebcf27f31d1014257a145adb)] -> css selector: *[data-__webdriver_id='sujtgbvizball0qa2gt']]


 attr name: width
 old value = 300
 new value = 377
 element = [[ChromeDriver: chrome on windows (221aa280ebcf27f31d1014257a145adb)] -> css selector: *[data-__webdriver_id='sujtgbvizball0qa2gt']]


 attr name: style
 old value = display: block; box-sizing: border-box;
 new value = display: block; box-sizing: border-box; height: 265px; width: 302px;
 element = [[ChromeDriver: chrome on windows (221aa280ebcf27f31d1014257a145adb)] -> css selector: *[data-__webdriver_id='sujtgbvizball0qa2gt']]


###########################

 attr name: data-v-app
 old value = null
 new value = 
 element = [[ChromeDriver: chrome on windows (221aa280ebcf27f31d1014257a145adb)] -> css selector: *[data-__webdriver_id='jtm235ykgoll0q9z0r']]


 attr name: class
 old value = oxd-input oxd-input--active
 new value = oxd-input oxd-input--focus
 element = [[ChromeDriver: chrome on windows (221aa280ebcf27f31d1014257a145adb)] -> css selector: *[data-__webdriver_id='sn05iy9zp7mll0q9z1g']]


 attr name: class
 old value = oxd-input oxd-input--focus
 new value = oxd-input oxd-input--active
 element = [[ChromeDriver: chrome on windows (221aa280ebcf27f31d1014257a145adb)] -> css selector: *[data-__webdriver_id='sn05iy9zp7mll0q9z1g']]


 attr name: class
 old value = oxd-input oxd-input--active
 new value = oxd-input oxd-input--focus
 element = [[ChromeDriver: chrome on windows (221aa280ebcf27f31d1014257a145adb)] -> css selector: *[data-__webdriver_id='l34l7aqrexlll0q9zw0']]


 attr name: data-v-app
 old value = null
 new value = 
 element = [[ChromeDriver: chrome on windows (221aa280ebcf27f31d1014257a145adb)] -> css selector: *[data-__webdriver_id='l8zmsoqopell0qa1lb']]


 attr name: style
 old value = null
 new value = display: block; box-sizing: border-box; height: 170px; width: 270px;
 element = [[ChromeDriver: chrome on windows (221aa280ebcf27f31d1014257a145adb)] -> css selector: *[data-__webdriver_id='d5e6zuwpygll0qa212']]


 attr name: width
 old value = null
 new value = 337
 element = [[ChromeDriver: chrome on windows (221aa280ebcf27f31d1014257a145adb)] -> css selector: *[data-__webdriver_id='d5e6zuwpygll0qa212']]


 attr name: style
 old value = display: block;
 new value = display: block; box-sizing: border-box; height: 170px; width: 270px;
 element = [[ChromeDriver: chrome on windows (221aa280ebcf27f31d1014257a145adb)] -> css selector: *[data-__webdriver_id='d5e6zuwpygll0qa212']]


 attr name: height
 old value = null
 new value = 212
 element = [[ChromeDriver: chrome on windows (221aa280ebcf27f31d1014257a145adb)] -> css selector: *[data-__webdriver_id='d5e6zuwpygll0qa212']]


 attr name: style
 old value = display: block; box-sizing: border-box;
 new value = display: block; box-sizing: border-box; height: 170px; width: 270px;
 element = [[ChromeDriver: chrome on windows (221aa280ebcf27f31d1014257a145adb)] -> css selector: *[data-__webdriver_id='d5e6zuwpygll0qa212']]


 attr name: style
 old value = display: block; box-sizing: border-box; height: 170px;
 new value = display: block; box-sizing: border-box; height: 170px; width: 270px;
 element = [[ChromeDriver: chrome on windows (221aa280ebcf27f31d1014257a145adb)] -> css selector: *[data-__webdriver_id='d5e6zuwpygll0qa212']]


 attr name: height
 old value = 300
 new value = 212
 element = [[ChromeDriver: chrome on windows (221aa280ebcf27f31d1014257a145adb)] -> css selector: *[data-__webdriver_id='d5e6zuwpygll0qa212']]


 attr name: width
 old value = 300
 new value = 337
 element = [[ChromeDriver: chrome on windows (221aa280ebcf27f31d1014257a145adb)] -> css selector: *[data-__webdriver_id='d5e6zuwpygll0qa212']]


 attr name: height
 old value = 212
 new value = 212
 element = [[ChromeDriver: chrome on windows (221aa280ebcf27f31d1014257a145adb)] -> css selector: *[data-__webdriver_id='d5e6zuwpygll0qa212']]


 attr name: style
 old value = display: block; box-sizing: border-box; height: 170px; width: 262px;
 new value = display: block; box-sizing: border-box; height: 170px; width: 270px;
 element = [[ChromeDriver: chrome on windows (221aa280ebcf27f31d1014257a145adb)] -> css selector: *[data-__webdriver_id='d5e6zuwpygll0qa212']]


 attr name: width
 old value = 327
 new value = 337
 element = [[ChromeDriver: chrome on windows (221aa280ebcf27f31d1014257a145adb)] -> css selector: *[data-__webdriver_id='d5e6zuwpygll0qa212']]


 attr name: style
 old value = display: block;
 new value = display: block; box-sizing: border-box; height: 265px; width: 302px;
 element = [[ChromeDriver: chrome on windows (221aa280ebcf27f31d1014257a145adb)] -> css selector: *[data-__webdriver_id='b61fz7lp62ll0qa2ep']]


 attr name: width
 old value = null
 new value = 377
 element = [[ChromeDriver: chrome on windows (221aa280ebcf27f31d1014257a145adb)] -> css selector: *[data-__webdriver_id='b61fz7lp62ll0qa2ep']]


 attr name: style
 old value = null
 new value = display: block; box-sizing: border-box; height: 265px; width: 302px;
 element = [[ChromeDriver: chrome on windows (221aa280ebcf27f31d1014257a145adb)] -> css selector: *[data-__webdriver_id='b61fz7lp62ll0qa2ep']]


 attr name: style
 old value = display: block; box-sizing: border-box;
 new value = display: block; box-sizing: border-box; height: 265px; width: 302px;
 element = [[ChromeDriver: chrome on windows (221aa280ebcf27f31d1014257a145adb)] -> css selector: *[data-__webdriver_id='b61fz7lp62ll0qa2ep']]


 attr name: height
 old value = null
 new value = 331
 element = [[ChromeDriver: chrome on windows (221aa280ebcf27f31d1014257a145adb)] -> css selector: *[data-__webdriver_id='b61fz7lp62ll0qa2ep']]


 attr name: style
 old value = display: block; box-sizing: border-box; height: 265px;
 new value = display: block; box-sizing: border-box; height: 265px; width: 302px;
 element = [[ChromeDriver: chrome on windows (221aa280ebcf27f31d1014257a145adb)] -> css selector: *[data-__webdriver_id='b61fz7lp62ll0qa2ep']]


 attr name: height
 old value = 300
 new value = 331
 element = [[ChromeDriver: chrome on windows (221aa280ebcf27f31d1014257a145adb)] -> css selector: *[data-__webdriver_id='b61fz7lp62ll0qa2ep']]


 attr name: width
 old value = 300
 new value = 377
 element = [[ChromeDriver: chrome on windows (221aa280ebcf27f31d1014257a145adb)] -> css selector: *[data-__webdriver_id='b61fz7lp62ll0qa2ep']]


 attr name: style
 old value = display: block;
 new value = display: block; box-sizing: border-box; height: 265px; width: 302px;
 element = [[ChromeDriver: chrome on windows (221aa280ebcf27f31d1014257a145adb)] -> css selector: *[data-__webdriver_id='sujtgbvizball0qa2gt']]


 attr name: style
 old value = null
 new value = display: block; box-sizing: border-box; height: 265px; width: 302px;
 element = [[ChromeDriver: chrome on windows (221aa280ebcf27f31d1014257a145adb)] -> css selector: *[data-__webdriver_id='sujtgbvizball0qa2gt']]


 attr name: width
 old value = null
 new value = 377
 element = [[ChromeDriver: chrome on windows (221aa280ebcf27f31d1014257a145adb)] -> css selector: *[data-__webdriver_id='sujtgbvizball0qa2gt']]


 attr name: height
 old value = null
 new value = 331
 element = [[ChromeDriver: chrome on windows (221aa280ebcf27f31d1014257a145adb)] -> css selector: *[data-__webdriver_id='sujtgbvizball0qa2gt']]


 attr name: style
 old value = display: block; box-sizing: border-box; height: 265px;
 new value = display: block; box-sizing: border-box; height: 265px; width: 302px;
 element = [[ChromeDriver: chrome on windows (221aa280ebcf27f31d1014257a145adb)] -> css selector: *[data-__webdriver_id='sujtgbvizball0qa2gt']]


 attr name: height
 old value = 300
 new value = 331
 element = [[ChromeDriver: chrome on windows (221aa280ebcf27f31d1014257a145adb)] -> css selector: *[data-__webdriver_id='sujtgbvizball0qa2gt']]


 attr name: width
 old value = 300
 new value = 377
 element = [[ChromeDriver: chrome on windows (221aa280ebcf27f31d1014257a145adb)] -> css selector: *[data-__webdriver_id='sujtgbvizball0qa2gt']]


 attr name: style
 old value = display: block; box-sizing: border-box;
 new value = display: block; box-sizing: border-box; height: 265px; width: 302px;
 element = [[ChromeDriver: chrome on windows (221aa280ebcf27f31d1014257a145adb)] -> css selector: *[data-__webdriver_id='sujtgbvizball0qa2gt']]


###########################

The user has clicked HRMLogout
 attr name: data-v-app
 old value = null
 new value = 
 element = [[ChromeDriver: chrome on windows (221aa280ebcf27f31d1014257a145adb)] -> css selector: *[data-__webdriver_id='jtm235ykgoll0q9z0r']]


 attr name: class
 old value = oxd-input oxd-input--active
 new value = oxd-input oxd-input--focus
 element = [[ChromeDriver: chrome on windows (221aa280ebcf27f31d1014257a145adb)] -> css selector: *[data-__webdriver_id='sn05iy9zp7mll0q9z1g']]


 attr name: class
 old value = oxd-input oxd-input--focus
 new value = oxd-input oxd-input--active
 element = [[ChromeDriver: chrome on windows (221aa280ebcf27f31d1014257a145adb)] -> css selector: *[data-__webdriver_id='sn05iy9zp7mll0q9z1g']]


 attr name: class
 old value = oxd-input oxd-input--active
 new value = oxd-input oxd-input--focus
 element = [[ChromeDriver: chrome on windows (221aa280ebcf27f31d1014257a145adb)] -> css selector: *[data-__webdriver_id='l34l7aqrexlll0q9zw0']]


 attr name: data-v-app
 old value = null
 new value = 
 element = [[ChromeDriver: chrome on windows (221aa280ebcf27f31d1014257a145adb)] -> css selector: *[data-__webdriver_id='l8zmsoqopell0qa1lb']]


 attr name: style
 old value = null
 new value = display: block; box-sizing: border-box; height: 170px; width: 270px;
 element = [[ChromeDriver: chrome on windows (221aa280ebcf27f31d1014257a145adb)] -> css selector: *[data-__webdriver_id='d5e6zuwpygll0qa212']]


 attr name: width
 old value = null
 new value = 337
 element = [[ChromeDriver: chrome on windows (221aa280ebcf27f31d1014257a145adb)] -> css selector: *[data-__webdriver_id='d5e6zuwpygll0qa212']]


 attr name: style
 old value = display: block;
 new value = display: block; box-sizing: border-box; height: 170px; width: 270px;
 element = [[ChromeDriver: chrome on windows (221aa280ebcf27f31d1014257a145adb)] -> css selector: *[data-__webdriver_id='d5e6zuwpygll0qa212']]


 attr name: height
 old value = null
 new value = 212
 element = [[ChromeDriver: chrome on windows (221aa280ebcf27f31d1014257a145adb)] -> css selector: *[data-__webdriver_id='d5e6zuwpygll0qa212']]


 attr name: style
 old value = display: block; box-sizing: border-box;
 new value = display: block; box-sizing: border-box; height: 170px; width: 270px;
 element = [[ChromeDriver: chrome on windows (221aa280ebcf27f31d1014257a145adb)] -> css selector: *[data-__webdriver_id='d5e6zuwpygll0qa212']]


 attr name: style
 old value = display: block; box-sizing: border-box; height: 170px;
 new value = display: block; box-sizing: border-box; height: 170px; width: 270px;
 element = [[ChromeDriver: chrome on windows (221aa280ebcf27f31d1014257a145adb)] -> css selector: *[data-__webdriver_id='d5e6zuwpygll0qa212']]


 attr name: height
 old value = 300
 new value = 212
 element = [[ChromeDriver: chrome on windows (221aa280ebcf27f31d1014257a145adb)] -> css selector: *[data-__webdriver_id='d5e6zuwpygll0qa212']]


 attr name: width
 old value = 300
 new value = 337
 element = [[ChromeDriver: chrome on windows (221aa280ebcf27f31d1014257a145adb)] -> css selector: *[data-__webdriver_id='d5e6zuwpygll0qa212']]


 attr name: height
 old value = 212
 new value = 212
 element = [[ChromeDriver: chrome on windows (221aa280ebcf27f31d1014257a145adb)] -> css selector: *[data-__webdriver_id='d5e6zuwpygll0qa212']]


 attr name: style
 old value = display: block; box-sizing: border-box; height: 170px; width: 262px;
 new value = display: block; box-sizing: border-box; height: 170px; width: 270px;
 element = [[ChromeDriver: chrome on windows (221aa280ebcf27f31d1014257a145adb)] -> css selector: *[data-__webdriver_id='d5e6zuwpygll0qa212']]


 attr name: width
 old value = 327
 new value = 337
 element = [[ChromeDriver: chrome on windows (221aa280ebcf27f31d1014257a145adb)] -> css selector: *[data-__webdriver_id='d5e6zuwpygll0qa212']]


 attr name: style
 old value = display: block;
 new value = display: block; box-sizing: border-box; height: 265px; width: 302px;
 element = [[ChromeDriver: chrome on windows (221aa280ebcf27f31d1014257a145adb)] -> css selector: *[data-__webdriver_id='b61fz7lp62ll0qa2ep']]


 attr name: width
 old value = null
 new value = 377
 element = [[ChromeDriver: chrome on windows (221aa280ebcf27f31d1014257a145adb)] -> css selector: *[data-__webdriver_id='b61fz7lp62ll0qa2ep']]


 attr name: style
 old value = null
 new value = display: block; box-sizing: border-box; height: 265px; width: 302px;
 element = [[ChromeDriver: chrome on windows (221aa280ebcf27f31d1014257a145adb)] -> css selector: *[data-__webdriver_id='b61fz7lp62ll0qa2ep']]


 attr name: style
 old value = display: block; box-sizing: border-box;
 new value = display: block; box-sizing: border-box; height: 265px; width: 302px;
 element = [[ChromeDriver: chrome on windows (221aa280ebcf27f31d1014257a145adb)] -> css selector: *[data-__webdriver_id='b61fz7lp62ll0qa2ep']]


 attr name: height
 old value = null
 new value = 331
 element = [[ChromeDriver: chrome on windows (221aa280ebcf27f31d1014257a145adb)] -> css selector: *[data-__webdriver_id='b61fz7lp62ll0qa2ep']]


 attr name: style
 old value = display: block; box-sizing: border-box; height: 265px;
 new value = display: block; box-sizing: border-box; height: 265px; width: 302px;
 element = [[ChromeDriver: chrome on windows (221aa280ebcf27f31d1014257a145adb)] -> css selector: *[data-__webdriver_id='b61fz7lp62ll0qa2ep']]


 attr name: height
 old value = 300
 new value = 331
 element = [[ChromeDriver: chrome on windows (221aa280ebcf27f31d1014257a145adb)] -> css selector: *[data-__webdriver_id='b61fz7lp62ll0qa2ep']]


 attr name: width
 old value = 300
 new value = 377
 element = [[ChromeDriver: chrome on windows (221aa280ebcf27f31d1014257a145adb)] -> css selector: *[data-__webdriver_id='b61fz7lp62ll0qa2ep']]


 attr name: style
 old value = display: block;
 new value = display: block; box-sizing: border-box; height: 265px; width: 302px;
 element = [[ChromeDriver: chrome on windows (221aa280ebcf27f31d1014257a145adb)] -> css selector: *[data-__webdriver_id='sujtgbvizball0qa2gt']]


 attr name: style
 old value = null
 new value = display: block; box-sizing: border-box; height: 265px; width: 302px;
 element = [[ChromeDriver: chrome on windows (221aa280ebcf27f31d1014257a145adb)] -> css selector: *[data-__webdriver_id='sujtgbvizball0qa2gt']]


 attr name: width
 old value = null
 new value = 377
 element = [[ChromeDriver: chrome on windows (221aa280ebcf27f31d1014257a145adb)] -> css selector: *[data-__webdriver_id='sujtgbvizball0qa2gt']]


 attr name: height
 old value = null
 new value = 331
 element = [[ChromeDriver: chrome on windows (221aa280ebcf27f31d1014257a145adb)] -> css selector: *[data-__webdriver_id='sujtgbvizball0qa2gt']]


 attr name: style
 old value = display: block; box-sizing: border-box; height: 265px;
 new value = display: block; box-sizing: border-box; height: 265px; width: 302px;
 element = [[ChromeDriver: chrome on windows (221aa280ebcf27f31d1014257a145adb)] -> css selector: *[data-__webdriver_id='sujtgbvizball0qa2gt']]


 attr name: height
 old value = 300
 new value = 331
 element = [[ChromeDriver: chrome on windows (221aa280ebcf27f31d1014257a145adb)] -> css selector: *[data-__webdriver_id='sujtgbvizball0qa2gt']]


 attr name: width
 old value = 300
 new value = 377
 element = [[ChromeDriver: chrome on windows (221aa280ebcf27f31d1014257a145adb)] -> css selector: *[data-__webdriver_id='sujtgbvizball0qa2gt']]


 attr name: style
 old value = display: block; box-sizing: border-box;
 new value = display: block; box-sizing: border-box; height: 265px; width: 302px;
 element = [[ChromeDriver: chrome on windows (221aa280ebcf27f31d1014257a145adb)] -> css selector: *[data-__webdriver_id='sujtgbvizball0qa2gt']]


 attr name: class
 old value = oxd-userdropdown
 new value = --active oxd-userdropdown
 element = [[ChromeDriver: chrome on windows (221aa280ebcf27f31d1014257a145adb)] -> css selector: *[data-__webdriver_id='en9zpwqyvjpll0qa36z']]


 attr name: class
 old value = oxd-dropdown-menu transition-fade-down-enter-from transition-fade-down-enter-active
 new value = oxd-dropdown-menu transition-fade-down-enter-active transition-fade-down-enter-to
 element = [[ChromeDriver: chrome on windows (221aa280ebcf27f31d1014257a145adb)] -> css selector: *[data-__webdriver_id='0ddhhbdvj8gjll0qa37q']]


 attr name: class
 old value = oxd-dropdown-menu transition-fade-down-enter-active
 new value = oxd-dropdown-menu transition-fade-down-enter-active transition-fade-down-enter-to
 element = [[ChromeDriver: chrome on windows (221aa280ebcf27f31d1014257a145adb)] -> css selector: *[data-__webdriver_id='0ddhhbdvj8gjll0qa37q']]


 attr name: class
 old value = oxd-dropdown-menu transition-fade-down-enter-active transition-fade-down-enter-to
 new value = oxd-dropdown-menu
 element = [[ChromeDriver: chrome on windows (221aa280ebcf27f31d1014257a145adb)] -> css selector: *[data-__webdriver_id='0ddhhbdvj8gjll0qa37q']]


 attr name: class
 old value = oxd-dropdown-menu transition-fade-down-enter-active
 new value = oxd-dropdown-menu
 element = [[ChromeDriver: chrome on windows (221aa280ebcf27f31d1014257a145adb)] -> css selector: *[data-__webdriver_id='0ddhhbdvj8gjll0qa37q']]


###########################

 attr name: data-v-app
 old value = null
 new value = 
 element = [[ChromeDriver: chrome on windows (221aa280ebcf27f31d1014257a145adb)] -> css selector: *[data-__webdriver_id='jtm235ykgoll0q9z0r']]


 attr name: class
 old value = oxd-input oxd-input--active
 new value = oxd-input oxd-input--focus
 element = [[ChromeDriver: chrome on windows (221aa280ebcf27f31d1014257a145adb)] -> css selector: *[data-__webdriver_id='sn05iy9zp7mll0q9z1g']]


 attr name: class
 old value = oxd-input oxd-input--focus
 new value = oxd-input oxd-input--active
 element = [[ChromeDriver: chrome on windows (221aa280ebcf27f31d1014257a145adb)] -> css selector: *[data-__webdriver_id='sn05iy9zp7mll0q9z1g']]


 attr name: class
 old value = oxd-input oxd-input--active
 new value = oxd-input oxd-input--focus
 element = [[ChromeDriver: chrome on windows (221aa280ebcf27f31d1014257a145adb)] -> css selector: *[data-__webdriver_id='l34l7aqrexlll0q9zw0']]


 attr name: data-v-app
 old value = null
 new value = 
 element = [[ChromeDriver: chrome on windows (221aa280ebcf27f31d1014257a145adb)] -> css selector: *[data-__webdriver_id='l8zmsoqopell0qa1lb']]


 attr name: style
 old value = null
 new value = display: block; box-sizing: border-box; height: 170px; width: 270px;
 element = [[ChromeDriver: chrome on windows (221aa280ebcf27f31d1014257a145adb)] -> css selector: *[data-__webdriver_id='d5e6zuwpygll0qa212']]


 attr name: width
 old value = null
 new value = 337
 element = [[ChromeDriver: chrome on windows (221aa280ebcf27f31d1014257a145adb)] -> css selector: *[data-__webdriver_id='d5e6zuwpygll0qa212']]


 attr name: style
 old value = display: block;
 new value = display: block; box-sizing: border-box; height: 170px; width: 270px;
 element = [[ChromeDriver: chrome on windows (221aa280ebcf27f31d1014257a145adb)] -> css selector: *[data-__webdriver_id='d5e6zuwpygll0qa212']]


 attr name: height
 old value = null
 new value = 212
 element = [[ChromeDriver: chrome on windows (221aa280ebcf27f31d1014257a145adb)] -> css selector: *[data-__webdriver_id='d5e6zuwpygll0qa212']]


 attr name: style
 old value = display: block; box-sizing: border-box;
 new value = display: block; box-sizing: border-box; height: 170px; width: 270px;
 element = [[ChromeDriver: chrome on windows (221aa280ebcf27f31d1014257a145adb)] -> css selector: *[data-__webdriver_id='d5e6zuwpygll0qa212']]


 attr name: style
 old value = display: block; box-sizing: border-box; height: 170px;
 new value = display: block; box-sizing: border-box; height: 170px; width: 270px;
 element = [[ChromeDriver: chrome on windows (221aa280ebcf27f31d1014257a145adb)] -> css selector: *[data-__webdriver_id='d5e6zuwpygll0qa212']]


 attr name: height
 old value = 300
 new value = 212
 element = [[ChromeDriver: chrome on windows (221aa280ebcf27f31d1014257a145adb)] -> css selector: *[data-__webdriver_id='d5e6zuwpygll0qa212']]


 attr name: width
 old value = 300
 new value = 337
 element = [[ChromeDriver: chrome on windows (221aa280ebcf27f31d1014257a145adb)] -> css selector: *[data-__webdriver_id='d5e6zuwpygll0qa212']]


 attr name: height
 old value = 212
 new value = 212
 element = [[ChromeDriver: chrome on windows (221aa280ebcf27f31d1014257a145adb)] -> css selector: *[data-__webdriver_id='d5e6zuwpygll0qa212']]


 attr name: style
 old value = display: block; box-sizing: border-box; height: 170px; width: 262px;
 new value = display: block; box-sizing: border-box; height: 170px; width: 270px;
 element = [[ChromeDriver: chrome on windows (221aa280ebcf27f31d1014257a145adb)] -> css selector: *[data-__webdriver_id='d5e6zuwpygll0qa212']]


 attr name: width
 old value = 327
 new value = 337
 element = [[ChromeDriver: chrome on windows (221aa280ebcf27f31d1014257a145adb)] -> css selector: *[data-__webdriver_id='d5e6zuwpygll0qa212']]


 attr name: style
 old value = display: block;
 new value = display: block; box-sizing: border-box; height: 265px; width: 302px;
 element = [[ChromeDriver: chrome on windows (221aa280ebcf27f31d1014257a145adb)] -> css selector: *[data-__webdriver_id='b61fz7lp62ll0qa2ep']]


 attr name: width
 old value = null
 new value = 377
 element = [[ChromeDriver: chrome on windows (221aa280ebcf27f31d1014257a145adb)] -> css selector: *[data-__webdriver_id='b61fz7lp62ll0qa2ep']]


 attr name: style
 old value = null
 new value = display: block; box-sizing: border-box; height: 265px; width: 302px;
 element = [[ChromeDriver: chrome on windows (221aa280ebcf27f31d1014257a145adb)] -> css selector: *[data-__webdriver_id='b61fz7lp62ll0qa2ep']]


 attr name: style
 old value = display: block; box-sizing: border-box;
 new value = display: block; box-sizing: border-box; height: 265px; width: 302px;
 element = [[ChromeDriver: chrome on windows (221aa280ebcf27f31d1014257a145adb)] -> css selector: *[data-__webdriver_id='b61fz7lp62ll0qa2ep']]


 attr name: height
 old value = null
 new value = 331
 element = [[ChromeDriver: chrome on windows (221aa280ebcf27f31d1014257a145adb)] -> css selector: *[data-__webdriver_id='b61fz7lp62ll0qa2ep']]


 attr name: style
 old value = display: block; box-sizing: border-box; height: 265px;
 new value = display: block; box-sizing: border-box; height: 265px; width: 302px;
 element = [[ChromeDriver: chrome on windows (221aa280ebcf27f31d1014257a145adb)] -> css selector: *[data-__webdriver_id='b61fz7lp62ll0qa2ep']]


 attr name: height
 old value = 300
 new value = 331
 element = [[ChromeDriver: chrome on windows (221aa280ebcf27f31d1014257a145adb)] -> css selector: *[data-__webdriver_id='b61fz7lp62ll0qa2ep']]


 attr name: width
 old value = 300
 new value = 377
 element = [[ChromeDriver: chrome on windows (221aa280ebcf27f31d1014257a145adb)] -> css selector: *[data-__webdriver_id='b61fz7lp62ll0qa2ep']]


 attr name: style
 old value = display: block;
 new value = display: block; box-sizing: border-box; height: 265px; width: 302px;
 element = [[ChromeDriver: chrome on windows (221aa280ebcf27f31d1014257a145adb)] -> css selector: *[data-__webdriver_id='sujtgbvizball0qa2gt']]


 attr name: style
 old value = null
 new value = display: block; box-sizing: border-box; height: 265px; width: 302px;
 element = [[ChromeDriver: chrome on windows (221aa280ebcf27f31d1014257a145adb)] -> css selector: *[data-__webdriver_id='sujtgbvizball0qa2gt']]


 attr name: width
 old value = null
 new value = 377
 element = [[ChromeDriver: chrome on windows (221aa280ebcf27f31d1014257a145adb)] -> css selector: *[data-__webdriver_id='sujtgbvizball0qa2gt']]


 attr name: height
 old value = null
 new value = 331
 element = [[ChromeDriver: chrome on windows (221aa280ebcf27f31d1014257a145adb)] -> css selector: *[data-__webdriver_id='sujtgbvizball0qa2gt']]


 attr name: style
 old value = display: block; box-sizing: border-box; height: 265px;
 new value = display: block; box-sizing: border-box; height: 265px; width: 302px;
 element = [[ChromeDriver: chrome on windows (221aa280ebcf27f31d1014257a145adb)] -> css selector: *[data-__webdriver_id='sujtgbvizball0qa2gt']]


 attr name: height
 old value = 300
 new value = 331
 element = [[ChromeDriver: chrome on windows (221aa280ebcf27f31d1014257a145adb)] -> css selector: *[data-__webdriver_id='sujtgbvizball0qa2gt']]


 attr name: width
 old value = 300
 new value = 377
 element = [[ChromeDriver: chrome on windows (221aa280ebcf27f31d1014257a145adb)] -> css selector: *[data-__webdriver_id='sujtgbvizball0qa2gt']]


 attr name: style
 old value = display: block; box-sizing: border-box;
 new value = display: block; box-sizing: border-box; height: 265px; width: 302px;
 element = [[ChromeDriver: chrome on windows (221aa280ebcf27f31d1014257a145adb)] -> css selector: *[data-__webdriver_id='sujtgbvizball0qa2gt']]


 attr name: class
 old value = oxd-userdropdown
 new value = --active oxd-userdropdown
 element = [[ChromeDriver: chrome on windows (221aa280ebcf27f31d1014257a145adb)] -> css selector: *[data-__webdriver_id='en9zpwqyvjpll0qa36z']]


 attr name: class
 old value = oxd-dropdown-menu transition-fade-down-enter-from transition-fade-down-enter-active
 new value = oxd-dropdown-menu transition-fade-down-enter-active transition-fade-down-enter-to
 element = [[ChromeDriver: chrome on windows (221aa280ebcf27f31d1014257a145adb)] -> css selector: *[data-__webdriver_id='0ddhhbdvj8gjll0qa37q']]


 attr name: class
 old value = oxd-dropdown-menu transition-fade-down-enter-active
 new value = oxd-dropdown-menu transition-fade-down-enter-active transition-fade-down-enter-to
 element = [[ChromeDriver: chrome on windows (221aa280ebcf27f31d1014257a145adb)] -> css selector: *[data-__webdriver_id='0ddhhbdvj8gjll0qa37q']]


 attr name: class
 old value = oxd-dropdown-menu transition-fade-down-enter-active transition-fade-down-enter-to
 new value = oxd-dropdown-menu
 element = [[ChromeDriver: chrome on windows (221aa280ebcf27f31d1014257a145adb)] -> css selector: *[data-__webdriver_id='0ddhhbdvj8gjll0qa37q']]


 attr name: class
 old value = oxd-dropdown-menu transition-fade-down-enter-active
 new value = oxd-dropdown-menu
 element = [[ChromeDriver: chrome on windows (221aa280ebcf27f31d1014257a145adb)] -> css selector: *[data-__webdriver_id='0ddhhbdvj8gjll0qa37q']]


###########################

 attr name: data-v-app
 old value = null
 new value = 
 element = [[ChromeDriver: chrome on windows (221aa280ebcf27f31d1014257a145adb)] -> css selector: *[data-__webdriver_id='jtm235ykgoll0q9z0r']]


 attr name: class
 old value = oxd-input oxd-input--active
 new value = oxd-input oxd-input--focus
 element = [[ChromeDriver: chrome on windows (221aa280ebcf27f31d1014257a145adb)] -> css selector: *[data-__webdriver_id='sn05iy9zp7mll0q9z1g']]


 attr name: class
 old value = oxd-input oxd-input--focus
 new value = oxd-input oxd-input--active
 element = [[ChromeDriver: chrome on windows (221aa280ebcf27f31d1014257a145adb)] -> css selector: *[data-__webdriver_id='sn05iy9zp7mll0q9z1g']]


 attr name: class
 old value = oxd-input oxd-input--active
 new value = oxd-input oxd-input--focus
 element = [[ChromeDriver: chrome on windows (221aa280ebcf27f31d1014257a145adb)] -> css selector: *[data-__webdriver_id='l34l7aqrexlll0q9zw0']]


 attr name: data-v-app
 old value = null
 new value = 
 element = [[ChromeDriver: chrome on windows (221aa280ebcf27f31d1014257a145adb)] -> css selector: *[data-__webdriver_id='l8zmsoqopell0qa1lb']]


 attr name: style
 old value = null
 new value = display: block; box-sizing: border-box; height: 170px; width: 270px;
 element = [[ChromeDriver: chrome on windows (221aa280ebcf27f31d1014257a145adb)] -> css selector: *[data-__webdriver_id='d5e6zuwpygll0qa212']]


 attr name: width
 old value = null
 new value = 337
 element = [[ChromeDriver: chrome on windows (221aa280ebcf27f31d1014257a145adb)] -> css selector: *[data-__webdriver_id='d5e6zuwpygll0qa212']]


 attr name: style
 old value = display: block;
 new value = display: block; box-sizing: border-box; height: 170px; width: 270px;
 element = [[ChromeDriver: chrome on windows (221aa280ebcf27f31d1014257a145adb)] -> css selector: *[data-__webdriver_id='d5e6zuwpygll0qa212']]


 attr name: height
 old value = null
 new value = 212
 element = [[ChromeDriver: chrome on windows (221aa280ebcf27f31d1014257a145adb)] -> css selector: *[data-__webdriver_id='d5e6zuwpygll0qa212']]


 attr name: style
 old value = display: block; box-sizing: border-box;
 new value = display: block; box-sizing: border-box; height: 170px; width: 270px;
 element = [[ChromeDriver: chrome on windows (221aa280ebcf27f31d1014257a145adb)] -> css selector: *[data-__webdriver_id='d5e6zuwpygll0qa212']]


 attr name: style
 old value = display: block; box-sizing: border-box; height: 170px;
 new value = display: block; box-sizing: border-box; height: 170px; width: 270px;
 element = [[ChromeDriver: chrome on windows (221aa280ebcf27f31d1014257a145adb)] -> css selector: *[data-__webdriver_id='d5e6zuwpygll0qa212']]


 attr name: height
 old value = 300
 new value = 212
 element = [[ChromeDriver: chrome on windows (221aa280ebcf27f31d1014257a145adb)] -> css selector: *[data-__webdriver_id='d5e6zuwpygll0qa212']]


 attr name: width
 old value = 300
 new value = 337
 element = [[ChromeDriver: chrome on windows (221aa280ebcf27f31d1014257a145adb)] -> css selector: *[data-__webdriver_id='d5e6zuwpygll0qa212']]


 attr name: height
 old value = 212
 new value = 212
 element = [[ChromeDriver: chrome on windows (221aa280ebcf27f31d1014257a145adb)] -> css selector: *[data-__webdriver_id='d5e6zuwpygll0qa212']]


 attr name: style
 old value = display: block; box-sizing: border-box; height: 170px; width: 262px;
 new value = display: block; box-sizing: border-box; height: 170px; width: 270px;
 element = [[ChromeDriver: chrome on windows (221aa280ebcf27f31d1014257a145adb)] -> css selector: *[data-__webdriver_id='d5e6zuwpygll0qa212']]


 attr name: width
 old value = 327
 new value = 337
 element = [[ChromeDriver: chrome on windows (221aa280ebcf27f31d1014257a145adb)] -> css selector: *[data-__webdriver_id='d5e6zuwpygll0qa212']]


 attr name: style
 old value = display: block;
 new value = display: block; box-sizing: border-box; height: 265px; width: 302px;
 element = [[ChromeDriver: chrome on windows (221aa280ebcf27f31d1014257a145adb)] -> css selector: *[data-__webdriver_id='b61fz7lp62ll0qa2ep']]


 attr name: width
 old value = null
 new value = 377
 element = [[ChromeDriver: chrome on windows (221aa280ebcf27f31d1014257a145adb)] -> css selector: *[data-__webdriver_id='b61fz7lp62ll0qa2ep']]


 attr name: style
 old value = null
 new value = display: block; box-sizing: border-box; height: 265px; width: 302px;
 element = [[ChromeDriver: chrome on windows (221aa280ebcf27f31d1014257a145adb)] -> css selector: *[data-__webdriver_id='b61fz7lp62ll0qa2ep']]


 attr name: style
 old value = display: block; box-sizing: border-box;
 new value = display: block; box-sizing: border-box; height: 265px; width: 302px;
 element = [[ChromeDriver: chrome on windows (221aa280ebcf27f31d1014257a145adb)] -> css selector: *[data-__webdriver_id='b61fz7lp62ll0qa2ep']]


 attr name: height
 old value = null
 new value = 331
 element = [[ChromeDriver: chrome on windows (221aa280ebcf27f31d1014257a145adb)] -> css selector: *[data-__webdriver_id='b61fz7lp62ll0qa2ep']]


 attr name: style
 old value = display: block; box-sizing: border-box; height: 265px;
 new value = display: block; box-sizing: border-box; height: 265px; width: 302px;
 element = [[ChromeDriver: chrome on windows (221aa280ebcf27f31d1014257a145adb)] -> css selector: *[data-__webdriver_id='b61fz7lp62ll0qa2ep']]


 attr name: height
 old value = 300
 new value = 331
 element = [[ChromeDriver: chrome on windows (221aa280ebcf27f31d1014257a145adb)] -> css selector: *[data-__webdriver_id='b61fz7lp62ll0qa2ep']]


 attr name: width
 old value = 300
 new value = 377
 element = [[ChromeDriver: chrome on windows (221aa280ebcf27f31d1014257a145adb)] -> css selector: *[data-__webdriver_id='b61fz7lp62ll0qa2ep']]


 attr name: style
 old value = display: block;
 new value = display: block; box-sizing: border-box; height: 265px; width: 302px;
 element = [[ChromeDriver: chrome on windows (221aa280ebcf27f31d1014257a145adb)] -> css selector: *[data-__webdriver_id='sujtgbvizball0qa2gt']]


 attr name: style
 old value = null
 new value = display: block; box-sizing: border-box; height: 265px; width: 302px;
 element = [[ChromeDriver: chrome on windows (221aa280ebcf27f31d1014257a145adb)] -> css selector: *[data-__webdriver_id='sujtgbvizball0qa2gt']]


 attr name: width
 old value = null
 new value = 377
 element = [[ChromeDriver: chrome on windows (221aa280ebcf27f31d1014257a145adb)] -> css selector: *[data-__webdriver_id='sujtgbvizball0qa2gt']]


 attr name: height
 old value = null
 new value = 331
 element = [[ChromeDriver: chrome on windows (221aa280ebcf27f31d1014257a145adb)] -> css selector: *[data-__webdriver_id='sujtgbvizball0qa2gt']]


 attr name: style
 old value = display: block; box-sizing: border-box; height: 265px;
 new value = display: block; box-sizing: border-box; height: 265px; width: 302px;
 element = [[ChromeDriver: chrome on windows (221aa280ebcf27f31d1014257a145adb)] -> css selector: *[data-__webdriver_id='sujtgbvizball0qa2gt']]


 attr name: height
 old value = 300
 new value = 331
 element = [[ChromeDriver: chrome on windows (221aa280ebcf27f31d1014257a145adb)] -> css selector: *[data-__webdriver_id='sujtgbvizball0qa2gt']]


 attr name: width
 old value = 300
 new value = 377
 element = [[ChromeDriver: chrome on windows (221aa280ebcf27f31d1014257a145adb)] -> css selector: *[data-__webdriver_id='sujtgbvizball0qa2gt']]


 attr name: style
 old value = display: block; box-sizing: border-box;
 new value = display: block; box-sizing: border-box; height: 265px; width: 302px;
 element = [[ChromeDriver: chrome on windows (221aa280ebcf27f31d1014257a145adb)] -> css selector: *[data-__webdriver_id='sujtgbvizball0qa2gt']]


 attr name: class
 old value = oxd-userdropdown
 new value = --active oxd-userdropdown
 element = [[ChromeDriver: chrome on windows (221aa280ebcf27f31d1014257a145adb)] -> css selector: *[data-__webdriver_id='en9zpwqyvjpll0qa36z']]


 attr name: class
 old value = oxd-dropdown-menu transition-fade-down-enter-from transition-fade-down-enter-active
 new value = oxd-dropdown-menu transition-fade-down-enter-active transition-fade-down-enter-to
 element = [[ChromeDriver: chrome on windows (221aa280ebcf27f31d1014257a145adb)] -> css selector: *[data-__webdriver_id='0ddhhbdvj8gjll0qa37q']]


 attr name: class
 old value = oxd-dropdown-menu transition-fade-down-enter-active
 new value = oxd-dropdown-menu transition-fade-down-enter-active transition-fade-down-enter-to
 element = [[ChromeDriver: chrome on windows (221aa280ebcf27f31d1014257a145adb)] -> css selector: *[data-__webdriver_id='0ddhhbdvj8gjll0qa37q']]


 attr name: class
 old value = oxd-dropdown-menu transition-fade-down-enter-active transition-fade-down-enter-to
 new value = oxd-dropdown-menu
 element = [[ChromeDriver: chrome on windows (221aa280ebcf27f31d1014257a145adb)] -> css selector: *[data-__webdriver_id='0ddhhbdvj8gjll0qa37q']]


 attr name: class
 old value = oxd-dropdown-menu transition-fade-down-enter-active
 new value = oxd-dropdown-menu
 element = [[ChromeDriver: chrome on windows (221aa280ebcf27f31d1014257a145adb)] -> css selector: *[data-__webdriver_id='0ddhhbdvj8gjll0qa37q']]


###########################

 attr name: data-v-app
 old value = null
 new value = 
 element = [[ChromeDriver: chrome on windows (221aa280ebcf27f31d1014257a145adb)] -> css selector: *[data-__webdriver_id='jtm235ykgoll0q9z0r']]


 attr name: class
 old value = oxd-input oxd-input--active
 new value = oxd-input oxd-input--focus
 element = [[ChromeDriver: chrome on windows (221aa280ebcf27f31d1014257a145adb)] -> css selector: *[data-__webdriver_id='sn05iy9zp7mll0q9z1g']]


 attr name: class
 old value = oxd-input oxd-input--focus
 new value = oxd-input oxd-input--active
 element = [[ChromeDriver: chrome on windows (221aa280ebcf27f31d1014257a145adb)] -> css selector: *[data-__webdriver_id='sn05iy9zp7mll0q9z1g']]


 attr name: class
 old value = oxd-input oxd-input--active
 new value = oxd-input oxd-input--focus
 element = [[ChromeDriver: chrome on windows (221aa280ebcf27f31d1014257a145adb)] -> css selector: *[data-__webdriver_id='l34l7aqrexlll0q9zw0']]


 attr name: data-v-app
 old value = null
 new value = 
 element = [[ChromeDriver: chrome on windows (221aa280ebcf27f31d1014257a145adb)] -> css selector: *[data-__webdriver_id='l8zmsoqopell0qa1lb']]


 attr name: style
 old value = null
 new value = display: block; box-sizing: border-box; height: 170px; width: 270px;
 element = [[ChromeDriver: chrome on windows (221aa280ebcf27f31d1014257a145adb)] -> css selector: *[data-__webdriver_id='d5e6zuwpygll0qa212']]


 attr name: width
 old value = null
 new value = 337
 element = [[ChromeDriver: chrome on windows (221aa280ebcf27f31d1014257a145adb)] -> css selector: *[data-__webdriver_id='d5e6zuwpygll0qa212']]


 attr name: style
 old value = display: block;
 new value = display: block; box-sizing: border-box; height: 170px; width: 270px;
 element = [[ChromeDriver: chrome on windows (221aa280ebcf27f31d1014257a145adb)] -> css selector: *[data-__webdriver_id='d5e6zuwpygll0qa212']]


 attr name: height
 old value = null
 new value = 212
 element = [[ChromeDriver: chrome on windows (221aa280ebcf27f31d1014257a145adb)] -> css selector: *[data-__webdriver_id='d5e6zuwpygll0qa212']]


 attr name: style
 old value = display: block; box-sizing: border-box;
 new value = display: block; box-sizing: border-box; height: 170px; width: 270px;
 element = [[ChromeDriver: chrome on windows (221aa280ebcf27f31d1014257a145adb)] -> css selector: *[data-__webdriver_id='d5e6zuwpygll0qa212']]


 attr name: style
 old value = display: block; box-sizing: border-box; height: 170px;
 new value = display: block; box-sizing: border-box; height: 170px; width: 270px;
 element = [[ChromeDriver: chrome on windows (221aa280ebcf27f31d1014257a145adb)] -> css selector: *[data-__webdriver_id='d5e6zuwpygll0qa212']]


 attr name: height
 old value = 300
 new value = 212
 element = [[ChromeDriver: chrome on windows (221aa280ebcf27f31d1014257a145adb)] -> css selector: *[data-__webdriver_id='d5e6zuwpygll0qa212']]


 attr name: width
 old value = 300
 new value = 337
 element = [[ChromeDriver: chrome on windows (221aa280ebcf27f31d1014257a145adb)] -> css selector: *[data-__webdriver_id='d5e6zuwpygll0qa212']]


 attr name: height
 old value = 212
 new value = 212
 element = [[ChromeDriver: chrome on windows (221aa280ebcf27f31d1014257a145adb)] -> css selector: *[data-__webdriver_id='d5e6zuwpygll0qa212']]


 attr name: style
 old value = display: block; box-sizing: border-box; height: 170px; width: 262px;
 new value = display: block; box-sizing: border-box; height: 170px; width: 270px;
 element = [[ChromeDriver: chrome on windows (221aa280ebcf27f31d1014257a145adb)] -> css selector: *[data-__webdriver_id='d5e6zuwpygll0qa212']]


 attr name: width
 old value = 327
 new value = 337
 element = [[ChromeDriver: chrome on windows (221aa280ebcf27f31d1014257a145adb)] -> css selector: *[data-__webdriver_id='d5e6zuwpygll0qa212']]


 attr name: style
 old value = display: block;
 new value = display: block; box-sizing: border-box; height: 265px; width: 302px;
 element = [[ChromeDriver: chrome on windows (221aa280ebcf27f31d1014257a145adb)] -> css selector: *[data-__webdriver_id='b61fz7lp62ll0qa2ep']]


 attr name: width
 old value = null
 new value = 377
 element = [[ChromeDriver: chrome on windows (221aa280ebcf27f31d1014257a145adb)] -> css selector: *[data-__webdriver_id='b61fz7lp62ll0qa2ep']]


 attr name: style
 old value = null
 new value = display: block; box-sizing: border-box; height: 265px; width: 302px;
 element = [[ChromeDriver: chrome on windows (221aa280ebcf27f31d1014257a145adb)] -> css selector: *[data-__webdriver_id='b61fz7lp62ll0qa2ep']]


 attr name: style
 old value = display: block; box-sizing: border-box;
 new value = display: block; box-sizing: border-box; height: 265px; width: 302px;
 element = [[ChromeDriver: chrome on windows (221aa280ebcf27f31d1014257a145adb)] -> css selector: *[data-__webdriver_id='b61fz7lp62ll0qa2ep']]


 attr name: height
 old value = null
 new value = 331
 element = [[ChromeDriver: chrome on windows (221aa280ebcf27f31d1014257a145adb)] -> css selector: *[data-__webdriver_id='b61fz7lp62ll0qa2ep']]


 attr name: style
 old value = display: block; box-sizing: border-box; height: 265px;
 new value = display: block; box-sizing: border-box; height: 265px; width: 302px;
 element = [[ChromeDriver: chrome on windows (221aa280ebcf27f31d1014257a145adb)] -> css selector: *[data-__webdriver_id='b61fz7lp62ll0qa2ep']]


 attr name: height
 old value = 300
 new value = 331
 element = [[ChromeDriver: chrome on windows (221aa280ebcf27f31d1014257a145adb)] -> css selector: *[data-__webdriver_id='b61fz7lp62ll0qa2ep']]


 attr name: width
 old value = 300
 new value = 377
 element = [[ChromeDriver: chrome on windows (221aa280ebcf27f31d1014257a145adb)] -> css selector: *[data-__webdriver_id='b61fz7lp62ll0qa2ep']]


 attr name: style
 old value = display: block;
 new value = display: block; box-sizing: border-box; height: 265px; width: 302px;
 element = [[ChromeDriver: chrome on windows (221aa280ebcf27f31d1014257a145adb)] -> css selector: *[data-__webdriver_id='sujtgbvizball0qa2gt']]


 attr name: style
 old value = null
 new value = display: block; box-sizing: border-box; height: 265px; width: 302px;
 element = [[ChromeDriver: chrome on windows (221aa280ebcf27f31d1014257a145adb)] -> css selector: *[data-__webdriver_id='sujtgbvizball0qa2gt']]


 attr name: width
 old value = null
 new value = 377
 element = [[ChromeDriver: chrome on windows (221aa280ebcf27f31d1014257a145adb)] -> css selector: *[data-__webdriver_id='sujtgbvizball0qa2gt']]


 attr name: height
 old value = null
 new value = 331
 element = [[ChromeDriver: chrome on windows (221aa280ebcf27f31d1014257a145adb)] -> css selector: *[data-__webdriver_id='sujtgbvizball0qa2gt']]


 attr name: style
 old value = display: block; box-sizing: border-box; height: 265px;
 new value = display: block; box-sizing: border-box; height: 265px; width: 302px;
 element = [[ChromeDriver: chrome on windows (221aa280ebcf27f31d1014257a145adb)] -> css selector: *[data-__webdriver_id='sujtgbvizball0qa2gt']]


 attr name: height
 old value = 300
 new value = 331
 element = [[ChromeDriver: chrome on windows (221aa280ebcf27f31d1014257a145adb)] -> css selector: *[data-__webdriver_id='sujtgbvizball0qa2gt']]


 attr name: width
 old value = 300
 new value = 377
 element = [[ChromeDriver: chrome on windows (221aa280ebcf27f31d1014257a145adb)] -> css selector: *[data-__webdriver_id='sujtgbvizball0qa2gt']]


 attr name: style
 old value = display: block; box-sizing: border-box;
 new value = display: block; box-sizing: border-box; height: 265px; width: 302px;
 element = [[ChromeDriver: chrome on windows (221aa280ebcf27f31d1014257a145adb)] -> css selector: *[data-__webdriver_id='sujtgbvizball0qa2gt']]


 attr name: class
 old value = oxd-userdropdown
 new value = --active oxd-userdropdown
 element = [[ChromeDriver: chrome on windows (221aa280ebcf27f31d1014257a145adb)] -> css selector: *[data-__webdriver_id='en9zpwqyvjpll0qa36z']]


 attr name: class
 old value = oxd-dropdown-menu transition-fade-down-enter-from transition-fade-down-enter-active
 new value = oxd-dropdown-menu transition-fade-down-enter-active transition-fade-down-enter-to
 element = [[ChromeDriver: chrome on windows (221aa280ebcf27f31d1014257a145adb)] -> css selector: *[data-__webdriver_id='0ddhhbdvj8gjll0qa37q']]


 attr name: class
 old value = oxd-dropdown-menu transition-fade-down-enter-active
 new value = oxd-dropdown-menu transition-fade-down-enter-active transition-fade-down-enter-to
 element = [[ChromeDriver: chrome on windows (221aa280ebcf27f31d1014257a145adb)] -> css selector: *[data-__webdriver_id='0ddhhbdvj8gjll0qa37q']]


 attr name: class
 old value = oxd-dropdown-menu transition-fade-down-enter-active transition-fade-down-enter-to
 new value = oxd-dropdown-menu
 element = [[ChromeDriver: chrome on windows (221aa280ebcf27f31d1014257a145adb)] -> css selector: *[data-__webdriver_id='0ddhhbdvj8gjll0qa37q']]


 attr name: class
 old value = oxd-dropdown-menu transition-fade-down-enter-active
 new value = oxd-dropdown-menu
 element = [[ChromeDriver: chrome on windows (221aa280ebcf27f31d1014257a145adb)] -> css selector: *[data-__webdriver_id='0ddhhbdvj8gjll0qa37q']]


###########################

The user has Logout from HRMWebsite
###########################

log: Slow network is detected. See https://www.chromestatus.com/feature/5636954674692096 for more details. Fallback font will be used while loading: https://opensource-demo.orangehrmlive.com/web/dist/fonts/nunito-sans-v6-latin-ext_latin-regular.woff2 level: info
log: Slow network is detected. See https://www.chromestatus.com/feature/5636954674692096 for more details. Fallback font will be used while loading: https://opensource-demo.orangehrmlive.com/web/dist/fonts/nunito-sans-v6-latin-ext_latin-800.woff2 level: info
log: Slow network is detected. See https://www.chromestatus.com/feature/5636954674692096 for more details. Fallback font will be used while loading: https://opensource-demo.orangehrmlive.com/web/dist/fonts/nunito-sans-v6-latin-ext_latin-600.woff2 level: info
log: [DOM] Input elements should have autocomplete attributes (suggested: "current-password"): (More info: https://goo.gl/9p2vKq) %o level: verbose
log: Slow network is detected. See https://www.chromestatus.com/feature/5636954674692096 for more details. Fallback font will be used while loading: https://opensource-demo.orangehrmlive.com/web/dist/fonts/nunito-sans-v6-latin-ext_latin-700.woff2 level: info
log: Slow network is detected. See https://www.chromestatus.com/feature/5636954674692096 for more details. Fallback font will be used while loading: https://opensource-demo.orangehrmlive.com/web/dist/fonts/nunito-sans-v6-latin-ext_latin-italic.woff2 level: info
log: Slow network is detected. See https://www.chromestatus.com/feature/5636954674692096 for more details. Fallback font will be used while loading: https://opensource-demo.orangehrmlive.com/web/dist/fonts/nunito-sans-v6-latin-ext_latin-300.woff2 level: info
log: [DOM] Input elements should have autocomplete attributes (suggested: "current-password"): (More info: https://goo.gl/9p2vKq) %o level: verbose
